[0.016s] Invoking command in '/home/kshitij/project5_ws/build/project_5': /usr/bin/cmake /home/kshitij/project5_ws/src -DCATKIN_INSTALL_INTO_PREFIX_ROOT=0 -DCMAKE_INSTALL_PREFIX=/home/kshitij/project5_ws/install/project_5
[0.097s] -- The C compiler identification is GNU 11.4.0
[0.160s] -- The CXX compiler identification is GNU 11.4.0
[0.170s] -- Detecting C compiler ABI info
[0.273s] -- Detecting C compiler ABI info - done
[0.285s] -- Check for working C compiler: /usr/bin/cc - skipped
[0.286s] -- Detecting C compile features
[0.286s] -- Detecting C compile features - done
[0.291s] -- Detecting CXX compiler ABI info
[0.416s] -- Detecting CXX compiler ABI info - done
[0.428s] -- Check for working CXX compiler: /usr/bin/c++ - skipped
[0.429s] -- Detecting CXX compile features
[0.429s] -- Detecting CXX compile features - done
[0.434s] -- Found ament_cmake: 1.3.8 (/opt/ros/humble/share/ament_cmake/cmake)
[0.619s] -- Found Python3: /usr/bin/python3 (found version "3.10.12") found components: Interpreter 
[0.769s] -- Found geometry_msgs: 4.2.3 (/opt/ros/humble/share/geometry_msgs/cmake)
[0.840s] -- Found rosidl_generator_c: 3.1.5 (/opt/ros/humble/share/rosidl_generator_c/cmake)
[0.850s] -- Found rosidl_adapter: 3.1.5 (/opt/ros/humble/share/rosidl_adapter/cmake)
[0.866s] -- Found rosidl_generator_cpp: 3.1.5 (/opt/ros/humble/share/rosidl_generator_cpp/cmake)
[0.890s] -- Using all available rosidl_typesupport_c: rosidl_typesupport_fastrtps_c;rosidl_typesupport_introspection_c
[0.926s] -- Using all available rosidl_typesupport_cpp: rosidl_typesupport_fastrtps_cpp;rosidl_typesupport_introspection_cpp
[1.142s] -- Found nav_msgs: 4.2.3 (/opt/ros/humble/share/nav_msgs/cmake)
[1.353s] -- Configuring done
[1.356s] -- Generating done
[1.357s] [33mCMake Warning:
[1.357s]   Manually-specified variables were not used by the project:
[1.357s] 
[1.357s]     CATKIN_INSTALL_INTO_PREFIX_ROOT
[1.357s] 
[1.357s] [0m
[1.358s] -- Build files have been written to: /home/kshitij/project5_ws/build/project_5
[1.363s] Invoked command in '/home/kshitij/project5_ws/build/project_5' returned '0': /usr/bin/cmake /home/kshitij/project5_ws/src -DCATKIN_INSTALL_INTO_PREFIX_ROOT=0 -DCMAKE_INSTALL_PREFIX=/home/kshitij/project5_ws/install/project_5
[1.365s] Invoking command in '/home/kshitij/project5_ws/build/project_5': /usr/bin/cmake --build /home/kshitij/project5_ws/build/project_5 -- -j12 -l12
[1.404s] Invoked command in '/home/kshitij/project5_ws/build/project_5' returned '0': /usr/bin/cmake --build /home/kshitij/project5_ws/build/project_5 -- -j12 -l12
[1.555s] Invoking command in '/home/kshitij/project5_ws/build/project_5': /usr/bin/cmake --install /home/kshitij/project5_ws/build/project_5
[1.572s] -- Install configuration: ""
[1.573s] -- Installing: /home/kshitij/project5_ws/install/project_5/share/ament_index/resource_index/package_run_dependencies/project_5
[1.573s] -- Installing: /home/kshitij/project5_ws/install/project_5/share/ament_index/resource_index/parent_prefix_path/project_5
[1.573s] -- Installing: /home/kshitij/project5_ws/install/project_5/share/project_5/environment/ament_prefix_path.sh
[1.573s] -- Installing: /home/kshitij/project5_ws/install/project_5/share/project_5/environment/ament_prefix_path.dsv
[1.574s] -- Installing: /home/kshitij/project5_ws/install/project_5/share/project_5/environment/path.sh
[1.574s] -- Installing: /home/kshitij/project5_ws/install/project_5/share/project_5/environment/path.dsv
[1.574s] -- Installing: /home/kshitij/project5_ws/install/project_5/share/project_5/local_setup.bash
[1.574s] -- Installing: /home/kshitij/project5_ws/install/project_5/share/project_5/local_setup.sh
[1.575s] -- Installing: /home/kshitij/project5_ws/install/project_5/share/project_5/local_setup.zsh
[1.575s] -- Installing: /home/kshitij/project5_ws/install/project_5/share/project_5/local_setup.dsv
[1.575s] -- Installing: /home/kshitij/project5_ws/install/project_5/share/project_5/package.dsv
[1.575s] -- Installing: /home/kshitij/project5_ws/install/project_5/share/ament_index/resource_index/packages/project_5
[1.575s] -- Installing: /home/kshitij/project5_ws/install/project_5/share/project_5/cmake/project_5Config.cmake
[1.576s] -- Installing: /home/kshitij/project5_ws/install/project_5/share/project_5/cmake/project_5Config-version.cmake
[1.576s] -- Installing: /home/kshitij/project5_ws/install/project_5/share/project_5/package.xml
[1.578s] Invoked command in '/home/kshitij/project5_ws/build/project_5' returned '0': /usr/bin/cmake --install /home/kshitij/project5_ws/build/project_5
