[0.011s] Invoking command in '/home/kshitij/project5_ws/build/rrt': CMAKE_PREFIX_PATH=/opt/ros/humble:${CMAKE_PREFIX_PATH} /usr/bin/cmake --build /home/kshitij/project5_ws/build/rrt -- -j12 -l12
[0.132s] -- Found ament_cmake: 1.3.8 (/opt/ros/humble/share/ament_cmake/cmake)
[0.505s] -- Found geometry_msgs: 4.2.3 (/opt/ros/humble/share/geometry_msgs/cmake)
[0.762s] -- Found rosidl_generator_c: 3.1.5 (/opt/ros/humble/share/rosidl_generator_c/cmake)
[0.779s] -- Found rosidl_adapter: 3.1.5 (/opt/ros/humble/share/rosidl_adapter/cmake)
[0.834s] -- Found rosidl_generator_cpp: 3.1.5 (/opt/ros/humble/share/rosidl_generator_cpp/cmake)
[0.912s] -- Using all available rosidl_typesupport_c: rosidl_typesupport_fastrtps_c;rosidl_typesupport_introspection_c
[0.943s] -- Using all available rosidl_typesupport_cpp: rosidl_typesupport_fastrtps_cpp;rosidl_typesupport_introspection_cpp
[1.230s] -- Found nav_msgs: 4.2.3 (/opt/ros/humble/share/nav_msgs/cmake)
[1.573s] -- Configuring done
[1.606s] -- Generating done
[1.612s] -- Build files have been written to: /home/kshitij/project5_ws/build/rrt
[1.662s] Built target ament_cmake_python_copy_rrt
[1.928s] running egg_info
[1.928s] writing rrt.egg-info/PKG-INFO
[1.929s] writing dependency_links to rrt.egg-info/dependency_links.txt
[1.929s] writing top-level names to rrt.egg-info/top_level.txt
[1.931s] reading manifest file 'rrt.egg-info/SOURCES.txt'
[1.931s] writing manifest file 'rrt.egg-info/SOURCES.txt'
[1.953s] Built target ament_cmake_python_build_rrt_egg
[1.963s] Invoked command in '/home/kshitij/project5_ws/build/rrt' returned '0': CMAKE_PREFIX_PATH=/opt/ros/humble:${CMAKE_PREFIX_PATH} /usr/bin/cmake --build /home/kshitij/project5_ws/build/rrt -- -j12 -l12
[1.991s] Invoking command in '/home/kshitij/project5_ws/build/rrt': CMAKE_PREFIX_PATH=/opt/ros/humble:${CMAKE_PREFIX_PATH} /usr/bin/cmake --install /home/kshitij/project5_ws/build/rrt
[1.997s] -- Install configuration: ""
[1.997s] -- Up-to-date: /home/kshitij/project5_ws/install/rrt/share/rrt//launch
[1.997s] -- Up-to-date: /home/kshitij/project5_ws/install/rrt/share/rrt//launch/proj.launch.py
[1.997s] -- Up-to-date: /home/kshitij/project5_ws/install/rrt/share/rrt//world
[1.997s] -- Up-to-date: /home/kshitij/project5_ws/install/rrt/share/rrt//world/barena.world
[1.998s] -- Up-to-date: /home/kshitij/project5_ws/install/rrt/share/rrt//nodes
[1.998s] -- Up-to-date: /home/kshitij/project5_ws/install/rrt/share/rrt//nodes/pygame_utils.py
[1.998s] -- Installing: /home/kshitij/project5_ws/install/rrt/share/rrt//nodes/task.py
[1.998s] -- Up-to-date: /home/kshitij/project5_ws/install/rrt/share/rrt//nodes/__pycache__
[1.998s] -- Up-to-date: /home/kshitij/project5_ws/install/rrt/share/rrt//nodes/__pycache__/bot_controller.cpython-38.pyc
[1.998s] -- Up-to-date: /home/kshitij/project5_ws/install/rrt/share/rrt//nodes/__pycache__/planner.cpython-38.pyc
[1.998s] -- Up-to-date: /home/kshitij/project5_ws/install/rrt/share/rrt//nodes/__pycache__/astar_output.cpython-38.pyc
[1.998s] -- Up-to-date: /home/kshitij/project5_ws/install/rrt/share/rrt//nodes/__pycache__/a_star_proj32.cpython-38.pyc
[1.998s] -- Up-to-date: /home/kshitij/project5_ws/install/rrt/share/rrt//nodes/__pycache__/astar_proj3_part2.cpython-38.pyc
[1.998s] -- Up-to-date: /home/kshitij/project5_ws/install/rrt/share/rrt//nodes/__pycache__/maputils.cpython-38.pyc
[1.998s] -- Up-to-date: /home/kshitij/project5_ws/install/rrt/share/rrt//nodes/__pycache__/RRT_star.cpython-38.pyc
[1.998s] -- Up-to-date: /home/kshitij/project5_ws/install/rrt/share/rrt//nodes/__pycache__/RRT_star.cpython-39.pyc
[1.998s] -- Up-to-date: /home/kshitij/project5_ws/install/rrt/share/rrt//nodes/__pycache__/competition.cpython-38.pyc
[1.998s] -- Up-to-date: /home/kshitij/project5_ws/install/rrt/share/rrt//nodes/__pycache__/nodeclass.cpython-38.pyc
[1.998s] -- Up-to-date: /home/kshitij/project5_ws/install/rrt/share/rrt//nodes/RRT_Astar.py
[1.999s] -- Up-to-date: /home/kshitij/project5_ws/install/rrt/share/rrt//launch
[1.999s] -- Up-to-date: /home/kshitij/project5_ws/install/rrt/share/rrt//launch/proj.launch.py
[1.999s] -- Up-to-date: /home/kshitij/project5_ws/install/rrt/share/rrt//rrt
[1.999s] -- Up-to-date: /home/kshitij/project5_ws/install/rrt/share/rrt//rrt/__init__.py
[1.999s] -- Up-to-date: /home/kshitij/project5_ws/install/rrt/share/rrt//src
[1.999s] -- Up-to-date: /home/kshitij/project5_ws/install/rrt/share/rrt/environment/pythonpath.sh
[1.999s] -- Installing: /home/kshitij/project5_ws/install/rrt/share/rrt/environment/pythonpath.dsv
[1.999s] -- Up-to-date: /home/kshitij/project5_ws/install/rrt/local/lib/python3.10/dist-packages/rrt-0.0.0-py3.10.egg-info
[1.999s] -- Installing: /home/kshitij/project5_ws/install/rrt/local/lib/python3.10/dist-packages/rrt-0.0.0-py3.10.egg-info/dependency_links.txt
[1.999s] -- Installing: /home/kshitij/project5_ws/install/rrt/local/lib/python3.10/dist-packages/rrt-0.0.0-py3.10.egg-info/top_level.txt
[1.999s] -- Installing: /home/kshitij/project5_ws/install/rrt/local/lib/python3.10/dist-packages/rrt-0.0.0-py3.10.egg-info/SOURCES.txt
[1.999s] -- Installing: /home/kshitij/project5_ws/install/rrt/local/lib/python3.10/dist-packages/rrt-0.0.0-py3.10.egg-info/PKG-INFO
[1.999s] -- Up-to-date: /home/kshitij/project5_ws/install/rrt/local/lib/python3.10/dist-packages/rrt
[1.999s] -- Up-to-date: /home/kshitij/project5_ws/install/rrt/local/lib/python3.10/dist-packages/rrt/__init__.py
[2.025s] Listing '/home/kshitij/project5_ws/install/rrt/local/lib/python3.10/dist-packages/rrt'...
[2.028s] -- Installing: /home/kshitij/project5_ws/install/rrt/lib/rrt/task.py
[2.029s] -- Installing: /home/kshitij/project5_ws/install/rrt/lib/rrt/RRT_Astar.py
[2.029s] -- Up-to-date: /home/kshitij/project5_ws/install/rrt/share/ament_index/resource_index/package_run_dependencies/rrt
[2.029s] -- Up-to-date: /home/kshitij/project5_ws/install/rrt/share/ament_index/resource_index/parent_prefix_path/rrt
[2.029s] -- Up-to-date: /home/kshitij/project5_ws/install/rrt/share/rrt/environment/ament_prefix_path.sh
[2.029s] -- Installing: /home/kshitij/project5_ws/install/rrt/share/rrt/environment/ament_prefix_path.dsv
[2.029s] -- Up-to-date: /home/kshitij/project5_ws/install/rrt/share/rrt/environment/path.sh
[2.029s] -- Installing: /home/kshitij/project5_ws/install/rrt/share/rrt/environment/path.dsv
[2.030s] -- Up-to-date: /home/kshitij/project5_ws/install/rrt/share/rrt/local_setup.bash
[2.030s] -- Up-to-date: /home/kshitij/project5_ws/install/rrt/share/rrt/local_setup.sh
[2.030s] -- Up-to-date: /home/kshitij/project5_ws/install/rrt/share/rrt/local_setup.zsh
[2.030s] -- Installing: /home/kshitij/project5_ws/install/rrt/share/rrt/local_setup.dsv
[2.030s] -- Installing: /home/kshitij/project5_ws/install/rrt/share/rrt/package.dsv
[2.030s] -- Up-to-date: /home/kshitij/project5_ws/install/rrt/share/ament_index/resource_index/packages/rrt
[2.030s] -- Up-to-date: /home/kshitij/project5_ws/install/rrt/share/rrt/cmake/rrtConfig.cmake
[2.030s] -- Up-to-date: /home/kshitij/project5_ws/install/rrt/share/rrt/cmake/rrtConfig-version.cmake
[2.030s] -- Installing: /home/kshitij/project5_ws/install/rrt/share/rrt/package.xml
[2.032s] Invoked command in '/home/kshitij/project5_ws/build/rrt' returned '0': CMAKE_PREFIX_PATH=/opt/ros/humble:${CMAKE_PREFIX_PATH} /usr/bin/cmake --install /home/kshitij/project5_ws/build/rrt
