[0.019s] Invoking command in '/home/kshitij/project5_ws/build/turtlebot3_description': /usr/bin/cmake /home/kshitij/project5_ws/src/turtlebot3/turtlebot3_description -DCATKIN_INSTALL_INTO_PREFIX_ROOT=0 -DCMAKE_INSTALL_PREFIX=/home/kshitij/project5_ws/install/turtlebot3_description
[0.076s] -- The C compiler identification is GNU 11.4.0
[0.140s] -- The CXX compiler identification is GNU 11.4.0
[0.147s] -- Detecting C compiler ABI info
[0.212s] -- Detecting C compiler ABI info - done
[0.222s] -- Check for working C compiler: /usr/bin/cc - skipped
[0.222s] -- Detecting C compile features
[0.222s] -- Detecting C compile features - done
[0.227s] -- Detecting CXX compiler ABI info
[0.315s] -- Detecting CXX compiler ABI info - done
[0.325s] -- Check for working CXX compiler: /usr/bin/c++ - skipped
[0.325s] -- Detecting CXX compile features
[0.326s] -- Detecting CXX compile features - done
[0.344s] [31mCMake Error at CMakeLists.txt:10 (find_package):
[0.344s]   By not providing "Findcatkin.cmake" in CMAKE_MODULE_PATH this project has
[0.344s]   asked CMake to find a package configuration file provided by "catkin", but
[0.344s]   CMake did not find one.
[0.344s] 
[0.345s]   Could not find a package configuration file provided by "catkin" with any
[0.345s]   of the following names:
[0.345s] 
[0.345s]     catkinConfig.cmake
[0.345s]     catkin-config.cmake
[0.345s] 
[0.345s]   Add the installation prefix of "catkin" to CMAKE_PREFIX_PATH or set
[0.345s]   "catkin_DIR" to a directory containing one of the above files.  If "catkin"
[0.345s]   provides a separate development package or SDK, be sure it has been
[0.345s]   installed.
[0.346s] 
[0.346s] [0m
[0.346s] -- Configuring incomplete, errors occurred!
[0.346s] See also "/home/kshitij/project5_ws/build/turtlebot3_description/CMakeFiles/CMakeOutput.log".
[0.348s] Invoked command in '/home/kshitij/project5_ws/build/turtlebot3_description' returned '1': /usr/bin/cmake /home/kshitij/project5_ws/src/turtlebot3/turtlebot3_description -DCATKIN_INSTALL_INTO_PREFIX_ROOT=0 -DCMAKE_INSTALL_PREFIX=/home/kshitij/project5_ws/install/turtlebot3_description
