Built target ament_cmake_python_copy_rrt
running egg_info
writing rrt.egg-info/PKG-INFO
writing dependency_links to rrt.egg-info/dependency_links.txt
writing top-level names to rrt.egg-info/top_level.txt
reading manifest file 'rrt.egg-info/SOURCES.txt'
writing manifest file 'rrt.egg-info/SOURCES.txt'
Built target ament_cmake_python_build_rrt_egg
-- Install configuration: ""
-- Up-to-date: /home/kshitij/project5_ws/install/rrt/share/rrt//launch
-- Up-to-date: /home/kshitij/project5_ws/install/rrt/share/rrt//launch/proj.launch.py
-- Up-to-date: /home/kshitij/project5_ws/install/rrt/share/rrt//world
-- Up-to-date: /home/kshitij/project5_ws/install/rrt/share/rrt//world/barena.world
-- Up-to-date: /home/kshitij/project5_ws/install/rrt/share/rrt/environment/pythonpath.sh
-- Up-to-date: /home/kshitij/project5_ws/install/rrt/share/rrt/environment/pythonpath.dsv
-- Up-to-date: /home/kshitij/project5_ws/install/rrt/local/lib/python3.10/dist-packages/rrt-0.0.0-py3.10.egg-info
-- Installing: /home/kshitij/project5_ws/install/rrt/local/lib/python3.10/dist-packages/rrt-0.0.0-py3.10.egg-info/dependency_links.txt
-- Installing: /home/kshitij/project5_ws/install/rrt/local/lib/python3.10/dist-packages/rrt-0.0.0-py3.10.egg-info/top_level.txt
-- Installing: /home/kshitij/project5_ws/install/rrt/local/lib/python3.10/dist-packages/rrt-0.0.0-py3.10.egg-info/SOURCES.txt
-- Installing: /home/kshitij/project5_ws/install/rrt/local/lib/python3.10/dist-packages/rrt-0.0.0-py3.10.egg-info/PKG-INFO
-- Up-to-date: /home/kshitij/project5_ws/install/rrt/local/lib/python3.10/dist-packages/rrt
-- Up-to-date: /home/kshitij/project5_ws/install/rrt/local/lib/python3.10/dist-packages/rrt/__init__.py
Listing '/home/kshitij/project5_ws/install/rrt/local/lib/python3.10/dist-packages/rrt'...
-- Up-to-date: /home/kshitij/project5_ws/install/rrt/lib/rrt/task.py
-- Up-to-date: /home/kshitij/project5_ws/install/rrt/share/ament_index/resource_index/package_run_dependencies/rrt
-- Up-to-date: /home/kshitij/project5_ws/install/rrt/share/ament_index/resource_index/parent_prefix_path/rrt
-- Up-to-date: /home/kshitij/project5_ws/install/rrt/share/rrt/environment/ament_prefix_path.sh
-- Up-to-date: /home/kshitij/project5_ws/install/rrt/share/rrt/environment/ament_prefix_path.dsv
-- Up-to-date: /home/kshitij/project5_ws/install/rrt/share/rrt/environment/path.sh
-- Up-to-date: /home/kshitij/project5_ws/install/rrt/share/rrt/environment/path.dsv
-- Up-to-date: /home/kshitij/project5_ws/install/rrt/share/rrt/local_setup.bash
-- Up-to-date: /home/kshitij/project5_ws/install/rrt/share/rrt/local_setup.sh
-- Up-to-date: /home/kshitij/project5_ws/install/rrt/share/rrt/local_setup.zsh
-- Up-to-date: /home/kshitij/project5_ws/install/rrt/share/rrt/local_setup.dsv
-- Up-to-date: /home/kshitij/project5_ws/install/rrt/share/rrt/package.dsv
-- Up-to-date: /home/kshitij/project5_ws/install/rrt/share/ament_index/resource_index/packages/rrt
-- Up-to-date: /home/kshitij/project5_ws/install/rrt/share/rrt/cmake/rrtConfig.cmake
-- Up-to-date: /home/kshitij/project5_ws/install/rrt/share/rrt/cmake/rrtConfig-version.cmake
-- Up-to-date: /home/kshitij/project5_ws/install/rrt/share/rrt/package.xml
