[0.011s] Invoking command in '/home/kshitij/project5_ws/build/rrt': CMAKE_PREFIX_PATH=/opt/ros/humble:${CMAKE_PREFIX_PATH} /usr/bin/cmake --build /home/kshitij/project5_ws/build/rrt -- -j12 -l12
[0.066s] Built target ament_cmake_python_copy_rrt
[0.349s] running egg_info
[0.349s] writing rrt.egg-info/PKG-INFO
[0.350s] writing dependency_links to rrt.egg-info/dependency_links.txt
[0.350s] writing top-level names to rrt.egg-info/top_level.txt
[0.352s] reading manifest file 'rrt.egg-info/SOURCES.txt'
[0.353s] writing manifest file 'rrt.egg-info/SOURCES.txt'
[0.381s] Built target ament_cmake_python_build_rrt_egg
[0.391s] Invoked command in '/home/kshitij/project5_ws/build/rrt' returned '0': CMAKE_PREFIX_PATH=/opt/ros/humble:${CMAKE_PREFIX_PATH} /usr/bin/cmake --build /home/kshitij/project5_ws/build/rrt -- -j12 -l12
[0.423s] Invoking command in '/home/kshitij/project5_ws/build/rrt': CMAKE_PREFIX_PATH=/opt/ros/humble:${CMAKE_PREFIX_PATH} /usr/bin/cmake --install /home/kshitij/project5_ws/build/rrt
[0.431s] -- Install configuration: ""
[0.431s] -- Up-to-date: /home/kshitij/project5_ws/install/rrt/share/rrt//launch
[0.431s] -- Up-to-date: /home/kshitij/project5_ws/install/rrt/share/rrt//launch/proj.launch.py
[0.431s] -- Up-to-date: /home/kshitij/project5_ws/install/rrt/share/rrt//world
[0.431s] -- Up-to-date: /home/kshitij/project5_ws/install/rrt/share/rrt//world/barena.world
[0.431s] -- Up-to-date: /home/kshitij/project5_ws/install/rrt/share/rrt/environment/pythonpath.sh
[0.431s] -- Up-to-date: /home/kshitij/project5_ws/install/rrt/share/rrt/environment/pythonpath.dsv
[0.431s] -- Up-to-date: /home/kshitij/project5_ws/install/rrt/local/lib/python3.10/dist-packages/rrt-0.0.0-py3.10.egg-info
[0.432s] -- Installing: /home/kshitij/project5_ws/install/rrt/local/lib/python3.10/dist-packages/rrt-0.0.0-py3.10.egg-info/dependency_links.txt
[0.432s] -- Installing: /home/kshitij/project5_ws/install/rrt/local/lib/python3.10/dist-packages/rrt-0.0.0-py3.10.egg-info/top_level.txt
[0.432s] -- Installing: /home/kshitij/project5_ws/install/rrt/local/lib/python3.10/dist-packages/rrt-0.0.0-py3.10.egg-info/SOURCES.txt
[0.432s] -- Installing: /home/kshitij/project5_ws/install/rrt/local/lib/python3.10/dist-packages/rrt-0.0.0-py3.10.egg-info/PKG-INFO
[0.432s] -- Up-to-date: /home/kshitij/project5_ws/install/rrt/local/lib/python3.10/dist-packages/rrt
[0.432s] -- Up-to-date: /home/kshitij/project5_ws/install/rrt/local/lib/python3.10/dist-packages/rrt/__init__.py
[0.462s] Listing '/home/kshitij/project5_ws/install/rrt/local/lib/python3.10/dist-packages/rrt'...
[0.466s] -- Up-to-date: /home/kshitij/project5_ws/install/rrt/lib/rrt/task.py
[0.467s] -- Up-to-date: /home/kshitij/project5_ws/install/rrt/share/ament_index/resource_index/package_run_dependencies/rrt
[0.467s] -- Up-to-date: /home/kshitij/project5_ws/install/rrt/share/ament_index/resource_index/parent_prefix_path/rrt
[0.467s] -- Up-to-date: /home/kshitij/project5_ws/install/rrt/share/rrt/environment/ament_prefix_path.sh
[0.467s] -- Up-to-date: /home/kshitij/project5_ws/install/rrt/share/rrt/environment/ament_prefix_path.dsv
[0.467s] -- Up-to-date: /home/kshitij/project5_ws/install/rrt/share/rrt/environment/path.sh
[0.467s] -- Up-to-date: /home/kshitij/project5_ws/install/rrt/share/rrt/environment/path.dsv
[0.467s] -- Up-to-date: /home/kshitij/project5_ws/install/rrt/share/rrt/local_setup.bash
[0.467s] -- Up-to-date: /home/kshitij/project5_ws/install/rrt/share/rrt/local_setup.sh
[0.467s] -- Up-to-date: /home/kshitij/project5_ws/install/rrt/share/rrt/local_setup.zsh
[0.467s] -- Up-to-date: /home/kshitij/project5_ws/install/rrt/share/rrt/local_setup.dsv
[0.467s] -- Up-to-date: /home/kshitij/project5_ws/install/rrt/share/rrt/package.dsv
[0.467s] -- Up-to-date: /home/kshitij/project5_ws/install/rrt/share/ament_index/resource_index/packages/rrt
[0.467s] -- Up-to-date: /home/kshitij/project5_ws/install/rrt/share/rrt/cmake/rrtConfig.cmake
[0.468s] -- Up-to-date: /home/kshitij/project5_ws/install/rrt/share/rrt/cmake/rrtConfig-version.cmake
[0.468s] -- Up-to-date: /home/kshitij/project5_ws/install/rrt/share/rrt/package.xml
[0.469s] Invoked command in '/home/kshitij/project5_ws/build/rrt' returned '0': CMAKE_PREFIX_PATH=/opt/ros/humble:${CMAKE_PREFIX_PATH} /usr/bin/cmake --install /home/kshitij/project5_ws/build/rrt
