[0.017s] Invoking command in '/home/kshitij/project5_ws/build/turtlebot3_msgs': /usr/bin/cmake /home/kshitij/project5_ws/src/turtlebot3_msgs -DCATKIN_INSTALL_INTO_PREFIX_ROOT=0 -DCMAKE_INSTALL_PREFIX=/home/kshitij/project5_ws/install/turtlebot3_msgs
[0.024s] [0mCMake Deprecation Warning at CMakeLists.txt:4 (cmake_minimum_required):
[0.024s]   Compatibility with CMake < 2.8.12 will be removed from a future version of
[0.024s]   CMake.
[0.024s] 
[0.024s]   Update the VERSION argument <min> value or use a ...<max> suffix to tell
[0.024s]   CMake that the project does not need compatibility with older versions.
[0.024s] 
[0.024s] [0m
[0.070s] -- The C compiler identification is GNU 11.4.0
[0.131s] -- The CXX compiler identification is GNU 11.4.0
[0.142s] -- Detecting C compiler ABI info
[0.207s] -- Detecting C compiler ABI info - done
[0.217s] -- Check for working C compiler: /usr/bin/cc - skipped
[0.217s] -- Detecting C compile features
[0.218s] -- Detecting C compile features - done
[0.222s] -- Detecting CXX compiler ABI info
[0.311s] -- Detecting CXX compiler ABI info - done
[0.321s] -- Check for working CXX compiler: /usr/bin/c++ - skipped
[0.322s] -- Detecting CXX compile features
[0.323s] -- Detecting CXX compile features - done
[0.345s] [31mCMake Error at CMakeLists.txt:10 (find_package):
[0.345s]   By not providing "Findcatkin.cmake" in CMAKE_MODULE_PATH this project has
[0.345s]   asked CMake to find a package configuration file provided by "catkin", but
[0.345s]   CMake did not find one.
[0.345s] 
[0.345s]   Could not find a package configuration file provided by "catkin" with any
[0.346s]   of the following names:
[0.346s] 
[0.346s]     catkinConfig.cmake
[0.346s]     catkin-config.cmake
[0.346s] 
[0.346s]   Add the installation prefix of "catkin" to CMAKE_PREFIX_PATH or set
[0.346s]   "catkin_DIR" to a directory containing one of the above files.  If "catkin"
[0.346s]   provides a separate development package or SDK, be sure it has been
[0.346s]   installed.
[0.346s] 
[0.346s] [0m
[0.346s] -- Configuring incomplete, errors occurred!
[0.346s] See also "/home/kshitij/project5_ws/build/turtlebot3_msgs/CMakeFiles/CMakeOutput.log".
[0.350s] Invoked command in '/home/kshitij/project5_ws/build/turtlebot3_msgs' returned '1': /usr/bin/cmake /home/kshitij/project5_ws/src/turtlebot3_msgs -DCATKIN_INSTALL_INTO_PREFIX_ROOT=0 -DCMAKE_INSTALL_PREFIX=/home/kshitij/project5_ws/install/turtlebot3_msgs
