[0.018s] Invoking command in '/home/kshitij/project5_ws/build/rrt': /usr/bin/cmake --build /home/kshitij/project5_ws/build/rrt -- -j12 -l12
[0.060s] Invoked command in '/home/kshitij/project5_ws/build/rrt' returned '0': /usr/bin/cmake --build /home/kshitij/project5_ws/build/rrt -- -j12 -l12
[0.149s] Invoking command in '/home/kshitij/project5_ws/build/rrt': /usr/bin/cmake --install /home/kshitij/project5_ws/build/rrt
[0.161s] -- Install configuration: ""
[0.161s] -- Up-to-date: /home/kshitij/project5_ws/install/rrt/share/ament_index/resource_index/package_run_dependencies/rrt
[0.162s] -- Up-to-date: /home/kshitij/project5_ws/install/rrt/share/ament_index/resource_index/parent_prefix_path/rrt
[0.162s] -- Up-to-date: /home/kshitij/project5_ws/install/rrt/share/rrt/environment/ament_prefix_path.sh
[0.162s] -- Up-to-date: /home/kshitij/project5_ws/install/rrt/share/rrt/environment/ament_prefix_path.dsv
[0.162s] -- Up-to-date: /home/kshitij/project5_ws/install/rrt/share/rrt/environment/path.sh
[0.162s] -- Up-to-date: /home/kshitij/project5_ws/install/rrt/share/rrt/environment/path.dsv
[0.162s] -- Up-to-date: /home/kshitij/project5_ws/install/rrt/share/rrt/local_setup.bash
[0.162s] -- Up-to-date: /home/kshitij/project5_ws/install/rrt/share/rrt/local_setup.sh
[0.163s] -- Up-to-date: /home/kshitij/project5_ws/install/rrt/share/rrt/local_setup.zsh
[0.163s] -- Up-to-date: /home/kshitij/project5_ws/install/rrt/share/rrt/local_setup.dsv
[0.163s] -- Up-to-date: /home/kshitij/project5_ws/install/rrt/share/rrt/package.dsv
[0.163s] -- Up-to-date: /home/kshitij/project5_ws/install/rrt/share/ament_index/resource_index/packages/rrt
[0.163s] -- Up-to-date: /home/kshitij/project5_ws/install/rrt/share/rrt/cmake/rrtConfig.cmake
[0.163s] -- Up-to-date: /home/kshitij/project5_ws/install/rrt/share/rrt/cmake/rrtConfig-version.cmake
[0.163s] -- Up-to-date: /home/kshitij/project5_ws/install/rrt/share/rrt/package.xml
[0.164s] Invoked command in '/home/kshitij/project5_ws/build/rrt' returned '0': /usr/bin/cmake --install /home/kshitij/project5_ws/build/rrt
