[0.028s] Invoking command in '/home/kshitij/project5_ws/build/turtlebot3_gazebo': CMAKE_PREFIX_PATH=/opt/ros/humble:${CMAKE_PREFIX_PATH} /usr/bin/cmake /home/kshitij/project5_ws/src/turtlebot3/turtlebot3_simulations/turtlebot3_gazebo -DCMAKE_INSTALL_PREFIX=/home/kshitij/project5_ws/install/turtlebot3_gazebo
[0.435s] -- The C compiler identification is GNU 11.4.0
[0.435s] -- The CXX compiler identification is GNU 11.4.0
[0.435s] -- Detecting C compiler ABI info
[0.436s] -- Detecting C compiler ABI info - done
[0.437s] -- Check for working C compiler: /usr/bin/cc - skipped
[0.437s] -- Detecting C compile features
[0.438s] -- Detecting C compile features - done
[0.438s] -- Detecting CXX compiler ABI info
[0.473s] -- Detecting CXX compiler ABI info - done
[0.495s] -- Check for working CXX compiler: /usr/bin/c++ - skipped
[0.495s] -- Detecting CXX compile features
[0.496s] -- Detecting CXX compile features - done
[0.499s] -- Found ament_cmake: 1.3.8 (/opt/ros/humble/share/ament_cmake/cmake)
[0.670s] -- Found Python3: /usr/bin/python3 (found version "3.10.12") found components: Interpreter 
[0.875s] [33mCMake Warning (dev) at /usr/share/cmake-3.22/Modules/FindPackageHandleStandardArgs.cmake:438 (message):
[0.875s]   The package name passed to `find_package_handle_standard_args` (PkgConfig)
[0.875s]   does not match the name of the calling package (gazebo).  This can lead to
[0.875s]   problems in calling code that expects `find_package` result variables
[0.875s]   (e.g., `_FOUND`) to follow a certain pattern.
[0.876s] Call Stack (most recent call first):
[0.876s]   /usr/share/cmake-3.22/Modules/FindPkgConfig.cmake:99 (find_package_handle_standard_args)
[0.876s]   /usr/lib/x86_64-linux-gnu/cmake/gazebo/gazebo-config.cmake:72 (include)
[0.876s]   CMakeLists.txt:23 (find_package)
[0.876s] This warning is for project developers.  Use -Wno-dev to suppress it.
[0.876s] [0m
[0.876s] -- Found PkgConfig: /usr/bin/pkg-config (found version "0.29.2") 
[0.881s] -- Checking for module 'bullet>=2.82'
[1.023s] --   Found bullet, version 3.05
[1.526s] -- Found fcl: /usr/include (found suitable version "0.7.0", minimum required is "0.5.0") 
[1.654s] -- Found assimp: /usr/include (found version "5.2.0") 
[2.002s] -- Found DART: /usr/include (Required is at least version "6.6") found components: dart 
[2.703s] -- Found Boost: /usr/lib/x86_64-linux-gnu/cmake/Boost-1.74.0/BoostConfig.cmake (found suitable version "1.74.0", minimum required is "1.40.0") found components: thread system filesystem program_options regex iostreams date_time 
[2.846s] -- Found Protobuf: /usr/lib/x86_64-linux-gnu/libprotobuf.so (found version "3.12.4") 
[2.932s] -- Looking for ignition-math6 -- found version 6.15.1
[3.017s] -- Searching for dependencies of ignition-math6
[3.041s] -- Looking for OGRE...
[3.043s] -- OGRE_PREFIX_WATCH changed.
[3.062s] -- Checking for module 'OGRE'
[3.108s] --   Found OGRE, version 1.9.0
[3.234s] -- Found Ogre Ghadamon (1.9.0)
[3.251s] -- Found OGRE: optimized;/usr/lib/x86_64-linux-gnu/libOgreMain.so;debug;/usr/lib/x86_64-linux-gnu/libOgreMain.so
[3.260s] -- Looking for OGRE_Paging...
[3.264s] -- Found OGRE_Paging: optimized;/usr/lib/x86_64-linux-gnu/libOgrePaging.so;debug;/usr/lib/x86_64-linux-gnu/libOgrePaging.so
[3.265s] -- Looking for OGRE_Terrain...
[3.297s] -- Found OGRE_Terrain: optimized;/usr/lib/x86_64-linux-gnu/libOgreTerrain.so;debug;/usr/lib/x86_64-linux-gnu/libOgreTerrain.so
[3.298s] -- Looking for OGRE_Property...
[3.308s] -- Found OGRE_Property: optimized;/usr/lib/x86_64-linux-gnu/libOgreProperty.so;debug;/usr/lib/x86_64-linux-gnu/libOgreProperty.so
[3.308s] -- Looking for OGRE_RTShaderSystem...
[3.315s] -- Found OGRE_RTShaderSystem: optimized;/usr/lib/x86_64-linux-gnu/libOgreRTShaderSystem.so;debug;/usr/lib/x86_64-linux-gnu/libOgreRTShaderSystem.so
[3.315s] -- Looking for OGRE_Volume...
[3.321s] -- Found OGRE_Volume: optimized;/usr/lib/x86_64-linux-gnu/libOgreVolume.so;debug;/usr/lib/x86_64-linux-gnu/libOgreVolume.so
[3.322s] -- Looking for OGRE_Overlay...
[3.327s] -- Found OGRE_Overlay: optimized;/usr/lib/x86_64-linux-gnu/libOgreOverlay.so;debug;/usr/lib/x86_64-linux-gnu/libOgreOverlay.so
[3.426s] -- Looking for ignition-math6 -- found version 6.15.1
[3.456s] -- Looking for ignition-transport8 -- found version 8.2.1
[3.457s] -- Searching for dependencies of ignition-transport8
[3.474s] -- Found Protobuf: /usr/lib/x86_64-linux-gnu/libprotobuf.so (found suitable version "3.12.4", minimum required is "3") 
[3.484s] -- Config-file not installed for ZeroMQ -- checking for pkg-config
[3.489s] -- Checking for module 'libzmq >= 4'
[3.634s] --   Found libzmq , version 4.3.4
[3.669s] -- Found ZeroMQ: TRUE (Required is at least version "4") 
[3.684s] -- Checking for module 'uuid'
[3.716s] --   Found uuid, version 2.37.2
[3.770s] -- Found UUID: TRUE  
[3.791s] -- Looking for ignition-msgs5 -- found version 5.8.1
[3.793s] -- Searching for dependencies of ignition-msgs5
[3.825s] -- Looking for ignition-math6 -- found version 6.15.1
[3.830s] -- Checking for module 'tinyxml2'
[3.853s] --   Found tinyxml2, version 9.0.0
[3.884s] -- Looking for ignition-msgs5 -- found version 5.8.1
[3.897s] -- Looking for ignition-common3 -- found version 3.14.0
[3.898s] -- Searching for dependencies of ignition-common3
[3.898s] -- Looking for dlfcn.h - found
[3.899s] -- Looking for libdl - found
[3.901s] -- Found DL: TRUE  
[3.919s] -- Found tinyobjloader: /usr/lib/x86_64-linux-gnu/cmake/tinyobjloader/tinyobjloader-config.cmake (found version "2.0.0") 
[3.920s] -- Searching for <ignition-common3> component [graphics]
[3.950s] -- Looking for ignition-common3-graphics -- found version 3.14.0
[3.950s] -- Searching for dependencies of ignition-common3-graphics
[3.951s] -- Looking for ignition-math6 -- found version 6.15.1
[3.965s] -- Looking for ignition-fuel_tools4 -- found version 4.4.0
[3.966s] -- Searching for dependencies of ignition-fuel_tools4
[4.085s] -- Found CURL: /usr/lib/x86_64-linux-gnu/libcurl.so (found version "7.81.0")  
[4.116s] -- Checking for module 'jsoncpp'
[4.127s] --   Found jsoncpp, version 1.9.5
[4.157s] -- Found JSONCPP: TRUE  
[4.162s] -- Checking for module 'libzip'
[4.185s] --   Found libzip, version 1.7.3
[4.213s] -- Found ZIP: TRUE  
[4.214s] -- Looking for ignition-common3 -- found version 3.14.0
[4.214s] -- Looking for ignition-math6 -- found version 6.15.1
[4.215s] -- Looking for ignition-msgs5 -- found version 5.8.1
[4.275s] -- Found gazebo_ros_pkgs: 3.7.0 (/opt/ros/humble/share/gazebo_ros_pkgs/cmake)
[4.283s] -- Found geometry_msgs: 4.2.3 (/opt/ros/humble/share/geometry_msgs/cmake)
[4.338s] -- Found rosidl_generator_c: 3.1.5 (/opt/ros/humble/share/rosidl_generator_c/cmake)
[4.343s] -- Found rosidl_adapter: 3.1.5 (/opt/ros/humble/share/rosidl_adapter/cmake)
[4.351s] -- Found rosidl_generator_cpp: 3.1.5 (/opt/ros/humble/share/rosidl_generator_cpp/cmake)
[4.364s] -- Using all available rosidl_typesupport_c: rosidl_typesupport_fastrtps_c;rosidl_typesupport_introspection_c
[4.382s] -- Using all available rosidl_typesupport_cpp: rosidl_typesupport_fastrtps_cpp;rosidl_typesupport_introspection_cpp
[4.494s] -- Found nav_msgs: 4.2.3 (/opt/ros/humble/share/nav_msgs/cmake)
[4.580s] -- Found rclcpp: 16.0.8 (/opt/ros/humble/share/rclcpp/cmake)
[4.646s] -- Found rmw_implementation_cmake: 6.1.1 (/opt/ros/humble/share/rmw_implementation_cmake/cmake)
[4.649s] -- Found rmw_fastrtps_cpp: 6.2.6 (/opt/ros/humble/share/rmw_fastrtps_cpp/cmake)
[4.777s] -- Found OpenSSL: /usr/lib/x86_64-linux-gnu/libcrypto.so (found version "3.0.2")  
[4.801s] -- Found FastRTPS: /opt/ros/humble/include  
[4.847s] -- Using RMW implementation 'rmw_fastrtps_cpp' as default
[4.857s] -- Found Threads: TRUE  
[4.985s] -- Found sensor_msgs: 4.2.3 (/opt/ros/humble/share/sensor_msgs/cmake)
[5.116s] -- Found tf2: 0.25.6 (/opt/ros/humble/share/tf2/cmake)
[5.228s] -- Configuring done
[5.346s] -- Generating done
[5.350s] -- Build files have been written to: /home/kshitij/project5_ws/build/turtlebot3_gazebo
