[0.009s] Invoking command in '/home/kshitij/project5_ws/build/rrt': CMAKE_PREFIX_PATH=/opt/ros/humble:${CMAKE_PREFIX_PATH} /usr/bin/cmake --build /home/kshitij/project5_ws/build/rrt -- -j12 -l12
[0.060s] Built target ament_cmake_python_copy_rrt
[0.316s] running egg_info
[0.317s] writing rrt.egg-info/PKG-INFO
[0.317s] writing dependency_links to rrt.egg-info/dependency_links.txt
[0.317s] writing top-level names to rrt.egg-info/top_level.txt
[0.319s] reading manifest file 'rrt.egg-info/SOURCES.txt'
[0.320s] writing manifest file 'rrt.egg-info/SOURCES.txt'
[0.342s] Built target ament_cmake_python_build_rrt_egg
[0.352s] Invoked command in '/home/kshitij/project5_ws/build/rrt' returned '0': CMAKE_PREFIX_PATH=/opt/ros/humble:${CMAKE_PREFIX_PATH} /usr/bin/cmake --build /home/kshitij/project5_ws/build/rrt -- -j12 -l12
[0.380s] Invoking command in '/home/kshitij/project5_ws/build/rrt': CMAKE_PREFIX_PATH=/opt/ros/humble:${CMAKE_PREFIX_PATH} /usr/bin/cmake --install /home/kshitij/project5_ws/build/rrt
[0.387s] -- Install configuration: ""
[0.387s] -- Up-to-date: /home/kshitij/project5_ws/install/rrt/share/rrt//launch
[0.387s] -- Up-to-date: /home/kshitij/project5_ws/install/rrt/share/rrt//launch/proj.launch.py
[0.387s] -- Up-to-date: /home/kshitij/project5_ws/install/rrt/share/rrt//world
[0.387s] -- Up-to-date: /home/kshitij/project5_ws/install/rrt/share/rrt//world/barena.world
[0.387s] -- Up-to-date: /home/kshitij/project5_ws/install/rrt/share/rrt//nodes
[0.387s] -- Up-to-date: /home/kshitij/project5_ws/install/rrt/share/rrt//nodes/pygame_utils.py
[0.387s] -- Installing: /home/kshitij/project5_ws/install/rrt/share/rrt//nodes/task.py
[0.387s] -- Up-to-date: /home/kshitij/project5_ws/install/rrt/share/rrt//nodes/__pycache__
[0.388s] -- Up-to-date: /home/kshitij/project5_ws/install/rrt/share/rrt//nodes/__pycache__/bot_controller.cpython-38.pyc
[0.388s] -- Up-to-date: /home/kshitij/project5_ws/install/rrt/share/rrt//nodes/__pycache__/planner.cpython-38.pyc
[0.388s] -- Up-to-date: /home/kshitij/project5_ws/install/rrt/share/rrt//nodes/__pycache__/astar_output.cpython-38.pyc
[0.388s] -- Up-to-date: /home/kshitij/project5_ws/install/rrt/share/rrt//nodes/__pycache__/a_star_proj32.cpython-38.pyc
[0.388s] -- Up-to-date: /home/kshitij/project5_ws/install/rrt/share/rrt//nodes/__pycache__/astar_proj3_part2.cpython-38.pyc
[0.388s] -- Up-to-date: /home/kshitij/project5_ws/install/rrt/share/rrt//nodes/__pycache__/maputils.cpython-38.pyc
[0.388s] -- Up-to-date: /home/kshitij/project5_ws/install/rrt/share/rrt//nodes/__pycache__/RRT_star.cpython-38.pyc
[0.388s] -- Up-to-date: /home/kshitij/project5_ws/install/rrt/share/rrt//nodes/__pycache__/RRT_star.cpython-39.pyc
[0.388s] -- Up-to-date: /home/kshitij/project5_ws/install/rrt/share/rrt//nodes/__pycache__/competition.cpython-38.pyc
[0.388s] -- Up-to-date: /home/kshitij/project5_ws/install/rrt/share/rrt//nodes/__pycache__/nodeclass.cpython-38.pyc
[0.388s] -- Up-to-date: /home/kshitij/project5_ws/install/rrt/share/rrt//nodes/RRT_Astar.py
[0.388s] -- Up-to-date: /home/kshitij/project5_ws/install/rrt/share/rrt//launch
[0.388s] -- Up-to-date: /home/kshitij/project5_ws/install/rrt/share/rrt//launch/proj.launch.py
[0.388s] -- Up-to-date: /home/kshitij/project5_ws/install/rrt/share/rrt//rrt
[0.388s] -- Up-to-date: /home/kshitij/project5_ws/install/rrt/share/rrt//rrt/__init__.py
[0.388s] -- Up-to-date: /home/kshitij/project5_ws/install/rrt/share/rrt//src
[0.389s] -- Up-to-date: /home/kshitij/project5_ws/install/rrt/share/rrt/environment/pythonpath.sh
[0.389s] -- Up-to-date: /home/kshitij/project5_ws/install/rrt/share/rrt/environment/pythonpath.dsv
[0.389s] -- Up-to-date: /home/kshitij/project5_ws/install/rrt/local/lib/python3.10/dist-packages/rrt-0.0.0-py3.10.egg-info
[0.389s] -- Installing: /home/kshitij/project5_ws/install/rrt/local/lib/python3.10/dist-packages/rrt-0.0.0-py3.10.egg-info/dependency_links.txt
[0.389s] -- Installing: /home/kshitij/project5_ws/install/rrt/local/lib/python3.10/dist-packages/rrt-0.0.0-py3.10.egg-info/top_level.txt
[0.389s] -- Installing: /home/kshitij/project5_ws/install/rrt/local/lib/python3.10/dist-packages/rrt-0.0.0-py3.10.egg-info/SOURCES.txt
[0.389s] -- Installing: /home/kshitij/project5_ws/install/rrt/local/lib/python3.10/dist-packages/rrt-0.0.0-py3.10.egg-info/PKG-INFO
[0.389s] -- Up-to-date: /home/kshitij/project5_ws/install/rrt/local/lib/python3.10/dist-packages/rrt
[0.389s] -- Up-to-date: /home/kshitij/project5_ws/install/rrt/local/lib/python3.10/dist-packages/rrt/__init__.py
[0.416s] Listing '/home/kshitij/project5_ws/install/rrt/local/lib/python3.10/dist-packages/rrt'...
[0.420s] -- Installing: /home/kshitij/project5_ws/install/rrt/lib/rrt/task.py
[0.420s] -- Up-to-date: /home/kshitij/project5_ws/install/rrt/lib/rrt/RRT_Astar.py
[0.420s] -- Up-to-date: /home/kshitij/project5_ws/install/rrt/lib/rrt/pygame_utils.py
[0.420s] -- Up-to-date: /home/kshitij/project5_ws/install/rrt/share/ament_index/resource_index/package_run_dependencies/rrt
[0.421s] -- Up-to-date: /home/kshitij/project5_ws/install/rrt/share/ament_index/resource_index/parent_prefix_path/rrt
[0.421s] -- Up-to-date: /home/kshitij/project5_ws/install/rrt/share/rrt/environment/ament_prefix_path.sh
[0.421s] -- Up-to-date: /home/kshitij/project5_ws/install/rrt/share/rrt/environment/ament_prefix_path.dsv
[0.421s] -- Up-to-date: /home/kshitij/project5_ws/install/rrt/share/rrt/environment/path.sh
[0.421s] -- Up-to-date: /home/kshitij/project5_ws/install/rrt/share/rrt/environment/path.dsv
[0.421s] -- Up-to-date: /home/kshitij/project5_ws/install/rrt/share/rrt/local_setup.bash
[0.421s] -- Up-to-date: /home/kshitij/project5_ws/install/rrt/share/rrt/local_setup.sh
[0.421s] -- Up-to-date: /home/kshitij/project5_ws/install/rrt/share/rrt/local_setup.zsh
[0.421s] -- Up-to-date: /home/kshitij/project5_ws/install/rrt/share/rrt/local_setup.dsv
[0.421s] -- Installing: /home/kshitij/project5_ws/install/rrt/share/rrt/package.dsv
[0.421s] -- Up-to-date: /home/kshitij/project5_ws/install/rrt/share/ament_index/resource_index/packages/rrt
[0.421s] -- Up-to-date: /home/kshitij/project5_ws/install/rrt/share/rrt/cmake/rrtConfig.cmake
[0.421s] -- Up-to-date: /home/kshitij/project5_ws/install/rrt/share/rrt/cmake/rrtConfig-version.cmake
[0.421s] -- Up-to-date: /home/kshitij/project5_ws/install/rrt/share/rrt/package.xml
[0.423s] Invoked command in '/home/kshitij/project5_ws/build/rrt' returned '0': CMAKE_PREFIX_PATH=/opt/ros/humble:${CMAKE_PREFIX_PATH} /usr/bin/cmake --install /home/kshitij/project5_ws/build/rrt
