[0.015s] Invoking command in '/home/kshitij/project5_ws/build/turtlebot3_teleop': /usr/bin/cmake /home/kshitij/project5_ws/src/turtlebot3/turtlebot3_teleop -DCATKIN_INSTALL_INTO_PREFIX_ROOT=0 -DCMAKE_INSTALL_PREFIX=/home/kshitij/project5_ws/install/turtlebot3_teleop
[0.069s] -- The C compiler identification is GNU 11.4.0
[0.129s] -- The CXX compiler identification is GNU 11.4.0
[0.140s] -- Detecting C compiler ABI info
[0.209s] -- Detecting C compiler ABI info - done
[0.228s] -- Check for working C compiler: /usr/bin/cc - skipped
[0.228s] -- Detecting C compile features
[0.229s] -- Detecting C compile features - done
[0.236s] -- Detecting CXX compiler ABI info
[0.326s] -- Detecting CXX compiler ABI info - done
[0.338s] -- Check for working CXX compiler: /usr/bin/c++ - skipped
[0.338s] -- Detecting CXX compile features
[0.338s] -- Detecting CXX compile features - done
[0.355s] -- Configuring incomplete, errors occurred!
[0.355s] See also "/home/kshitij/project5_ws/build/turtlebot3_teleop/CMakeFiles/CMakeOutput.log".
[0.356s] [31mCMake Error at CMakeLists.txt:10 (find_package):
[0.357s]   By not providing "Findcatkin.cmake" in CMAKE_MODULE_PATH this project has
[0.358s]   asked CMake to find a package configuration file provided by "catkin", but
[0.358s]   CMake did not find one.
[0.359s] 
[0.359s]   Could not find a package configuration file provided by "catkin" with any
[0.359s]   of the following names:
[0.359s] 
[0.359s]     catkinConfig.cmake
[0.360s]     catkin-config.cmake
[0.360s] 
[0.360s]   Add the installation prefix of "catkin" to CMAKE_PREFIX_PATH or set
[0.360s]   "catkin_DIR" to a directory containing one of the above files.  If "catkin"
[0.361s]   provides a separate development package or SDK, be sure it has been
[0.361s]   installed.
[0.361s] 
[0.362s] [0m
