[0.201s] DEBUG:colcon:Command line arguments: ['/usr/bin/colcon', 'build']
[0.202s] DEBUG:colcon:Parsed command line arguments: Namespace(log_base=None, log_level=None, verb_name='build', build_base='build', install_base='install', merge_install=False, symlink_install=False, test_result_base=None, continue_on_error=False, executor='parallel', parallel_workers=12, event_handlers=None, ignore_user_meta=False, metas=['./colcon.meta'], base_paths=['.'], packages_ignore=None, packages_ignore_regex=None, paths=None, packages_up_to=None, packages_up_to_regex=None, packages_above=None, packages_above_and_dependencies=None, packages_above_depth=None, packages_select_by_dep=None, packages_skip_by_dep=None, packages_skip_up_to=None, packages_select_build_failed=False, packages_skip_build_finished=False, packages_select_test_failures=False, packages_skip_test_passed=False, packages_select=None, packages_skip=None, packages_select_regex=None, packages_skip_regex=None, packages_start=None, packages_end=None, allow_overriding=[], cmake_args=None, cmake_target=None, cmake_target_skip_unavailable=False, cmake_clean_cache=False, cmake_clean_first=False, cmake_force_configure=False, ament_cmake_args=None, catkin_cmake_args=None, catkin_skip_building_tests=False, mixin_files=None, mixin=None, verb_parser=<colcon_mixin.mixin.mixin_argument.MixinArgumentDecorator object at 0x751eb53bf1c0>, verb_extension=<colcon_core.verb.build.BuildVerb object at 0x751eb5553820>, main=<bound method BuildVerb.main of <colcon_core.verb.build.BuildVerb object at 0x751eb5553820>>, mixin_verb=('build',))
[0.544s] Level 1:colcon.colcon_core.package_discovery:discover_packages(colcon_meta) check parameters
[0.544s] Level 1:colcon.colcon_core.package_discovery:discover_packages(recursive) check parameters
[0.544s] Level 1:colcon.colcon_core.package_discovery:discover_packages(ignore) check parameters
[0.544s] Level 1:colcon.colcon_core.package_discovery:discover_packages(path) check parameters
[0.544s] Level 1:colcon.colcon_core.package_discovery:discover_packages(colcon_meta) discover
[0.545s] Level 1:colcon.colcon_core.package_discovery:discover_packages(recursive) discover
[0.545s] INFO:colcon.colcon_core.package_discovery:Crawling recursively for packages in '/home/kshitij/project5_ws'
[0.545s] Level 1:colcon.colcon_core.package_identification:_identify(.) by extensions ['ignore', 'ignore_ament_install']
[0.545s] Level 1:colcon.colcon_core.package_identification:_identify(.) by extension 'ignore'
[0.545s] Level 1:colcon.colcon_core.package_identification:_identify(.) by extension 'ignore_ament_install'
[0.545s] Level 1:colcon.colcon_core.package_identification:_identify(.) by extensions ['colcon_pkg']
[0.545s] Level 1:colcon.colcon_core.package_identification:_identify(.) by extension 'colcon_pkg'
[0.545s] Level 1:colcon.colcon_core.package_identification:_identify(.) by extensions ['colcon_meta']
[0.545s] Level 1:colcon.colcon_core.package_identification:_identify(.) by extension 'colcon_meta'
[0.545s] Level 1:colcon.colcon_core.package_identification:_identify(.) by extensions ['ros']
[0.545s] Level 1:colcon.colcon_core.package_identification:_identify(.) by extension 'ros'
[0.573s] Level 1:colcon.colcon_core.package_identification:_identify(.) by extensions ['cmake', 'python']
[0.573s] Level 1:colcon.colcon_core.package_identification:_identify(.) by extension 'cmake'
[0.573s] Level 1:colcon.colcon_core.package_identification:_identify(.) by extension 'python'
[0.573s] Level 1:colcon.colcon_core.package_identification:_identify(.) by extensions ['python_setup_py']
[0.573s] Level 1:colcon.colcon_core.package_identification:_identify(.) by extension 'python_setup_py'
[0.573s] Level 1:colcon.colcon_core.package_identification:_identify(build) by extensions ['ignore', 'ignore_ament_install']
[0.574s] Level 1:colcon.colcon_core.package_identification:_identify(build) by extension 'ignore'
[0.574s] Level 1:colcon.colcon_core.package_identification:_identify(build) ignored
[0.574s] Level 1:colcon.colcon_core.package_identification:_identify(install) by extensions ['ignore', 'ignore_ament_install']
[0.574s] Level 1:colcon.colcon_core.package_identification:_identify(install) by extension 'ignore'
[0.574s] Level 1:colcon.colcon_core.package_identification:_identify(install) ignored
[0.574s] Level 1:colcon.colcon_core.package_identification:_identify(log) by extensions ['ignore', 'ignore_ament_install']
[0.574s] Level 1:colcon.colcon_core.package_identification:_identify(log) by extension 'ignore'
[0.574s] Level 1:colcon.colcon_core.package_identification:_identify(log) ignored
[0.575s] Level 1:colcon.colcon_core.package_identification:_identify(src) by extensions ['ignore', 'ignore_ament_install']
[0.575s] Level 1:colcon.colcon_core.package_identification:_identify(src) by extension 'ignore'
[0.575s] Level 1:colcon.colcon_core.package_identification:_identify(src) by extension 'ignore_ament_install'
[0.575s] Level 1:colcon.colcon_core.package_identification:_identify(src) by extensions ['colcon_pkg']
[0.575s] Level 1:colcon.colcon_core.package_identification:_identify(src) by extension 'colcon_pkg'
[0.575s] Level 1:colcon.colcon_core.package_identification:_identify(src) by extensions ['colcon_meta']
[0.575s] Level 1:colcon.colcon_core.package_identification:_identify(src) by extension 'colcon_meta'
[0.575s] Level 1:colcon.colcon_core.package_identification:_identify(src) by extensions ['ros']
[0.575s] Level 1:colcon.colcon_core.package_identification:_identify(src) by extension 'ros'
[0.580s] DEBUG:colcon.colcon_core.package_identification:Package 'src' with type 'ros.catkin' and name 'project_5'
[0.580s] Level 1:colcon.colcon_core.package_discovery:discover_packages(recursive) using defaults
[0.580s] Level 1:colcon.colcon_core.package_discovery:discover_packages(ignore) discover
[0.580s] Level 1:colcon.colcon_core.package_discovery:discover_packages(ignore) using defaults
[0.580s] Level 1:colcon.colcon_core.package_discovery:discover_packages(path) discover
[0.580s] Level 1:colcon.colcon_core.package_discovery:discover_packages(path) using defaults
[0.609s] Level 1:colcon.colcon_core.package_discovery:discover_packages(prefix_path) check parameters
[0.610s] Level 1:colcon.colcon_core.package_discovery:discover_packages(prefix_path) discover
[0.612s] DEBUG:colcon.colcon_installed_package_information.package_discovery:Found 3 installed packages in /home/kshitij/project1_ws/install
[0.613s] DEBUG:colcon.colcon_installed_package_information.package_discovery:Found 1 installed packages in /home/kshitij/rrt/install
[0.616s] DEBUG:colcon.colcon_installed_package_information.package_discovery:Found 405 installed packages in /opt/ros/humble
[0.620s] Level 1:colcon.colcon_core.package_discovery:discover_packages(prefix_path) using defaults
[0.763s] Level 5:colcon.colcon_core.verb:set package 'project_5' build argument 'cmake_args' from command line to 'None'
[0.763s] Level 5:colcon.colcon_core.verb:set package 'project_5' build argument 'cmake_target' from command line to 'None'
[0.763s] Level 5:colcon.colcon_core.verb:set package 'project_5' build argument 'cmake_target_skip_unavailable' from command line to 'False'
[0.763s] Level 5:colcon.colcon_core.verb:set package 'project_5' build argument 'cmake_clean_cache' from command line to 'False'
[0.764s] Level 5:colcon.colcon_core.verb:set package 'project_5' build argument 'cmake_clean_first' from command line to 'False'
[0.764s] Level 5:colcon.colcon_core.verb:set package 'project_5' build argument 'cmake_force_configure' from command line to 'False'
[0.764s] Level 5:colcon.colcon_core.verb:set package 'project_5' build argument 'ament_cmake_args' from command line to 'None'
[0.764s] Level 5:colcon.colcon_core.verb:set package 'project_5' build argument 'catkin_cmake_args' from command line to 'None'
[0.764s] Level 5:colcon.colcon_core.verb:set package 'project_5' build argument 'catkin_skip_building_tests' from command line to 'False'
[0.764s] DEBUG:colcon.colcon_core.verb:Building package 'project_5' with the following arguments: {'ament_cmake_args': None, 'build_base': '/home/kshitij/project5_ws/build/project_5', 'catkin_cmake_args': None, 'catkin_skip_building_tests': False, 'cmake_args': None, 'cmake_clean_cache': False, 'cmake_clean_first': False, 'cmake_force_configure': False, 'cmake_target': None, 'cmake_target_skip_unavailable': False, 'install_base': '/home/kshitij/project5_ws/install/project_5', 'merge_install': False, 'path': '/home/kshitij/project5_ws/src', 'symlink_install': False, 'test_result_base': None}
[0.764s] INFO:colcon.colcon_core.executor:Executing jobs using 'parallel' executor
[0.765s] DEBUG:colcon.colcon_parallel_executor.executor.parallel:run_until_complete
[0.766s] INFO:colcon.colcon_ros.task.catkin.build:Building ROS package in '/home/kshitij/project5_ws/src' with build type 'catkin'
[0.766s] INFO:colcon.colcon_cmake.task.cmake.build:Building CMake package in '/home/kshitij/project5_ws/src'
[0.769s] INFO:colcon.colcon_core.plugin_system:Skipping extension 'colcon_core.shell.bat': Not used on non-Windows systems
[0.769s] INFO:colcon.colcon_core.shell:Skip shell extension 'powershell' for command environment: Not usable outside of PowerShell
[0.769s] DEBUG:colcon.colcon_core.shell:Skip shell extension 'dsv' for command environment
[0.782s] DEBUG:colcon.colcon_core.event_handler.log_command:Invoking command in '/home/kshitij/project5_ws/build/project_5': /usr/bin/cmake /home/kshitij/project5_ws/src -DCATKIN_INSTALL_INTO_PREFIX_ROOT=0 -DCMAKE_INSTALL_PREFIX=/home/kshitij/project5_ws/install/project_5
[2.129s] DEBUG:colcon.colcon_core.event_handler.log_command:Invoked command in '/home/kshitij/project5_ws/build/project_5' returned '0': /usr/bin/cmake /home/kshitij/project5_ws/src -DCATKIN_INSTALL_INTO_PREFIX_ROOT=0 -DCMAKE_INSTALL_PREFIX=/home/kshitij/project5_ws/install/project_5
[2.131s] DEBUG:colcon.colcon_core.event_handler.log_command:Invoking command in '/home/kshitij/project5_ws/build/project_5': /usr/bin/cmake --build /home/kshitij/project5_ws/build/project_5 -- -j12 -l12
[2.170s] DEBUG:colcon.colcon_core.event_handler.log_command:Invoked command in '/home/kshitij/project5_ws/build/project_5' returned '0': /usr/bin/cmake --build /home/kshitij/project5_ws/build/project_5 -- -j12 -l12
[2.323s] DEBUG:colcon.colcon_core.event_handler.log_command:Invoking command in '/home/kshitij/project5_ws/build/project_5': /usr/bin/cmake --install /home/kshitij/project5_ws/build/project_5
[2.344s] DEBUG:colcon.colcon_core.event_handler.log_command:Invoked command in '/home/kshitij/project5_ws/build/project_5' returned '0': /usr/bin/cmake --install /home/kshitij/project5_ws/build/project_5
[2.367s] Level 1:colcon.colcon_core.shell:create_environment_hook('project_5', 'ros_package_path')
[2.367s] INFO:colcon.colcon_core.shell:Creating environment hook '/home/kshitij/project5_ws/install/project_5/share/project_5/hook/ros_package_path.ps1'
[2.368s] INFO:colcon.colcon_core.shell:Creating environment descriptor '/home/kshitij/project5_ws/install/project_5/share/project_5/hook/ros_package_path.dsv'
[2.368s] INFO:colcon.colcon_core.shell:Creating environment hook '/home/kshitij/project5_ws/install/project_5/share/project_5/hook/ros_package_path.sh'
[2.369s] Level 1:colcon.colcon_core.shell:create_environment_hook('project_5', 'pkg_config_path')
[2.369s] INFO:colcon.colcon_core.shell:Creating environment hook '/home/kshitij/project5_ws/install/project_5/share/project_5/hook/pkg_config_path.ps1'
[2.369s] INFO:colcon.colcon_core.shell:Creating environment descriptor '/home/kshitij/project5_ws/install/project_5/share/project_5/hook/pkg_config_path.dsv'
[2.369s] INFO:colcon.colcon_core.shell:Creating environment hook '/home/kshitij/project5_ws/install/project_5/share/project_5/hook/pkg_config_path.sh'
[2.371s] Level 1:colcon.colcon_core.shell:create_environment_hook('project_5', 'pkg_config_path_multiarch')
[2.371s] INFO:colcon.colcon_core.shell:Creating environment hook '/home/kshitij/project5_ws/install/project_5/share/project_5/hook/pkg_config_path_multiarch.ps1'
[2.371s] INFO:colcon.colcon_core.shell:Creating environment descriptor '/home/kshitij/project5_ws/install/project_5/share/project_5/hook/pkg_config_path_multiarch.dsv'
[2.372s] INFO:colcon.colcon_core.shell:Creating environment hook '/home/kshitij/project5_ws/install/project_5/share/project_5/hook/pkg_config_path_multiarch.sh'
[2.372s] Level 1:colcon.colcon_core.environment:create_environment_scripts_only(project_5)
[2.374s] Level 1:colcon.colcon_core.environment:checking '/home/kshitij/project5_ws/install/project_5' for CMake module files
[2.375s] Level 1:colcon.colcon_core.environment:checking '/home/kshitij/project5_ws/install/project_5' for CMake config files
[2.375s] Level 1:colcon.colcon_core.shell:create_environment_hook('project_5', 'cmake_prefix_path')
[2.375s] INFO:colcon.colcon_core.shell:Creating environment hook '/home/kshitij/project5_ws/install/project_5/share/project_5/hook/cmake_prefix_path.ps1'
[2.375s] INFO:colcon.colcon_core.shell:Creating environment descriptor '/home/kshitij/project5_ws/install/project_5/share/project_5/hook/cmake_prefix_path.dsv'
[2.375s] INFO:colcon.colcon_core.shell:Creating environment hook '/home/kshitij/project5_ws/install/project_5/share/project_5/hook/cmake_prefix_path.sh'
[2.376s] Level 1:colcon.colcon_core.environment:checking '/home/kshitij/project5_ws/install/project_5/bin'
[2.376s] Level 1:colcon.colcon_core.environment:checking '/home/kshitij/project5_ws/install/project_5/lib/pkgconfig/project_5.pc'
[2.376s] Level 1:colcon.colcon_core.environment:checking '/home/kshitij/project5_ws/install/project_5/lib/python3.10/site-packages'
[2.376s] Level 1:colcon.colcon_core.environment:checking '/home/kshitij/project5_ws/install/project_5/bin'
[2.377s] INFO:colcon.colcon_core.shell:Creating package script '/home/kshitij/project5_ws/install/project_5/share/project_5/package.ps1'
[2.377s] INFO:colcon.colcon_core.shell:Creating package descriptor '/home/kshitij/project5_ws/install/project_5/share/project_5/package.dsv'
[2.378s] INFO:colcon.colcon_core.shell:Creating package script '/home/kshitij/project5_ws/install/project_5/share/project_5/package.sh'
[2.379s] INFO:colcon.colcon_core.shell:Creating package script '/home/kshitij/project5_ws/install/project_5/share/project_5/package.bash'
[2.379s] INFO:colcon.colcon_core.shell:Creating package script '/home/kshitij/project5_ws/install/project_5/share/project_5/package.zsh'
[2.380s] Level 1:colcon.colcon_core.environment:create_file_with_runtime_dependencies(/home/kshitij/project5_ws/install/project_5/share/colcon-core/packages/project_5)
[2.380s] DEBUG:colcon.colcon_parallel_executor.executor.parallel:closing loop
[2.380s] DEBUG:colcon.colcon_parallel_executor.executor.parallel:loop closed
[2.380s] DEBUG:colcon.colcon_parallel_executor.executor.parallel:run_until_complete finished with '0'
[2.380s] DEBUG:colcon.colcon_core.event_reactor:joining thread
[2.385s] INFO:colcon.colcon_core.plugin_system:Skipping extension 'colcon_notification.desktop_notification.terminal_notifier': Not used on non-Darwin systems
[2.385s] INFO:colcon.colcon_core.plugin_system:Skipping extension 'colcon_notification.desktop_notification.win32': Not used on non-Windows systems
[2.385s] INFO:colcon.colcon_notification.desktop_notification:Sending desktop notification using 'notify2'
[2.397s] DEBUG:colcon.colcon_core.event_reactor:joined thread
[2.398s] INFO:colcon.colcon_core.shell:Creating prefix script '/home/kshitij/project5_ws/install/local_setup.ps1'
[2.399s] INFO:colcon.colcon_core.shell:Creating prefix util module '/home/kshitij/project5_ws/install/_local_setup_util_ps1.py'
[2.400s] INFO:colcon.colcon_core.shell:Creating prefix chain script '/home/kshitij/project5_ws/install/setup.ps1'
[2.401s] INFO:colcon.colcon_core.shell:Creating prefix script '/home/kshitij/project5_ws/install/local_setup.sh'
[2.402s] INFO:colcon.colcon_core.shell:Creating prefix util module '/home/kshitij/project5_ws/install/_local_setup_util_sh.py'
[2.402s] INFO:colcon.colcon_core.shell:Creating prefix chain script '/home/kshitij/project5_ws/install/setup.sh'
[2.403s] INFO:colcon.colcon_core.shell:Creating prefix script '/home/kshitij/project5_ws/install/local_setup.bash'
[2.404s] INFO:colcon.colcon_core.shell:Creating prefix chain script '/home/kshitij/project5_ws/install/setup.bash'
[2.405s] INFO:colcon.colcon_core.shell:Creating prefix script '/home/kshitij/project5_ws/install/local_setup.zsh'
[2.405s] INFO:colcon.colcon_core.shell:Creating prefix chain script '/home/kshitij/project5_ws/install/setup.zsh'
