[0.010s] Invoking command in '/home/kshitij/project5_ws/build/rrt': CMAKE_PREFIX_PATH=/opt/ros/humble:${CMAKE_PREFIX_PATH} /usr/bin/cmake --build /home/kshitij/project5_ws/build/rrt -- -j12 -l12
[0.030s] -- Found ament_cmake: 1.3.8 (/opt/ros/humble/share/ament_cmake/cmake)
[0.198s] -- Found geometry_msgs: 4.2.3 (/opt/ros/humble/share/geometry_msgs/cmake)
[0.241s] -- Found rosidl_generator_c: 3.1.5 (/opt/ros/humble/share/rosidl_generator_c/cmake)
[0.246s] -- Found rosidl_adapter: 3.1.5 (/opt/ros/humble/share/rosidl_adapter/cmake)
[0.255s] -- Found rosidl_generator_cpp: 3.1.5 (/opt/ros/humble/share/rosidl_generator_cpp/cmake)
[0.274s] -- Using all available rosidl_typesupport_c: rosidl_typesupport_fastrtps_c;rosidl_typesupport_introspection_c
[0.300s] -- Using all available rosidl_typesupport_cpp: rosidl_typesupport_fastrtps_cpp;rosidl_typesupport_introspection_cpp
[0.498s] -- Found nav_msgs: 4.2.3 (/opt/ros/humble/share/nav_msgs/cmake)
[0.738s] -- Configuring done
[0.743s] -- Generating done
[0.745s] -- Build files have been written to: /home/kshitij/project5_ws/build/rrt
[0.776s] Invoked command in '/home/kshitij/project5_ws/build/rrt' returned '0': CMAKE_PREFIX_PATH=/opt/ros/humble:${CMAKE_PREFIX_PATH} /usr/bin/cmake --build /home/kshitij/project5_ws/build/rrt -- -j12 -l12
[0.814s] Invoking command in '/home/kshitij/project5_ws/build/rrt': CMAKE_PREFIX_PATH=/opt/ros/humble:${CMAKE_PREFIX_PATH} /usr/bin/cmake --install /home/kshitij/project5_ws/build/rrt
[0.825s] -- Install configuration: ""
[0.825s] -- Up-to-date: /home/kshitij/project5_ws/install/rrt/share/ament_index/resource_index/package_run_dependencies/rrt
[0.826s] -- Up-to-date: /home/kshitij/project5_ws/install/rrt/share/ament_index/resource_index/parent_prefix_path/rrt
[0.826s] -- Up-to-date: /home/kshitij/project5_ws/install/rrt/share/rrt/environment/ament_prefix_path.sh
[0.826s] -- Installing: /home/kshitij/project5_ws/install/rrt/share/rrt/environment/ament_prefix_path.dsv
[0.826s] -- Up-to-date: /home/kshitij/project5_ws/install/rrt/share/rrt/environment/path.sh
[0.826s] -- Installing: /home/kshitij/project5_ws/install/rrt/share/rrt/environment/path.dsv
[0.827s] -- Up-to-date: /home/kshitij/project5_ws/install/rrt/share/rrt/local_setup.bash
[0.827s] -- Up-to-date: /home/kshitij/project5_ws/install/rrt/share/rrt/local_setup.sh
[0.827s] -- Up-to-date: /home/kshitij/project5_ws/install/rrt/share/rrt/local_setup.zsh
[0.827s] -- Installing: /home/kshitij/project5_ws/install/rrt/share/rrt/local_setup.dsv
[0.827s] -- Installing: /home/kshitij/project5_ws/install/rrt/share/rrt/package.dsv
[0.827s] -- Up-to-date: /home/kshitij/project5_ws/install/rrt/share/ament_index/resource_index/packages/rrt
[0.827s] -- Up-to-date: /home/kshitij/project5_ws/install/rrt/share/rrt/cmake/rrtConfig.cmake
[0.828s] -- Up-to-date: /home/kshitij/project5_ws/install/rrt/share/rrt/cmake/rrtConfig-version.cmake
[0.828s] -- Up-to-date: /home/kshitij/project5_ws/install/rrt/share/rrt/package.xml
[0.828s] -- Up-to-date: /home/kshitij/project5_ws/install/rrt/share/rrt//launch
[0.828s] -- Up-to-date: /home/kshitij/project5_ws/install/rrt/share/rrt//launch/proj.launch.py
[0.828s] -- Installing: /home/kshitij/project5_ws/install/rrt/share/rrt//world
[0.828s] -- Installing: /home/kshitij/project5_ws/install/rrt/share/rrt//world/barena.world
[0.830s] Invoked command in '/home/kshitij/project5_ws/build/rrt' returned '0': CMAKE_PREFIX_PATH=/opt/ros/humble:${CMAKE_PREFIX_PATH} /usr/bin/cmake --install /home/kshitij/project5_ws/build/rrt
