[0.011s] Invoking command in '/home/kshitij/project5_ws/build/rrt': CMAKE_PREFIX_PATH=/opt/ros/humble:${CMAKE_PREFIX_PATH} /usr/bin/cmake --build /home/kshitij/project5_ws/build/rrt -- -j12 -l12
[0.034s] -- Found ament_cmake: 1.3.8 (/opt/ros/humble/share/ament_cmake/cmake)
[0.159s] -- Found geometry_msgs: 4.2.3 (/opt/ros/humble/share/geometry_msgs/cmake)
[0.186s] -- Found rosidl_generator_c: 3.1.5 (/opt/ros/humble/share/rosidl_generator_c/cmake)
[0.188s] -- Found rosidl_adapter: 3.1.5 (/opt/ros/humble/share/rosidl_adapter/cmake)
[0.195s] -- Found rosidl_generator_cpp: 3.1.5 (/opt/ros/humble/share/rosidl_generator_cpp/cmake)
[0.206s] -- Using all available rosidl_typesupport_c: rosidl_typesupport_fastrtps_c;rosidl_typesupport_introspection_c
[0.222s] -- Using all available rosidl_typesupport_cpp: rosidl_typesupport_fastrtps_cpp;rosidl_typesupport_introspection_cpp
[0.342s] -- Found nav_msgs: 4.2.3 (/opt/ros/humble/share/nav_msgs/cmake)
[0.552s] -- Configuring done
[0.557s] -- Generating done
[0.559s] -- Build files have been written to: /home/kshitij/project5_ws/build/rrt
[0.600s] Built target ament_cmake_python_copy_rrt
[0.883s] running egg_info
[0.884s] writing rrt.egg-info/PKG-INFO
[0.884s] writing dependency_links to rrt.egg-info/dependency_links.txt
[0.884s] writing top-level names to rrt.egg-info/top_level.txt
[0.886s] reading manifest file 'rrt.egg-info/SOURCES.txt'
[0.886s] writing manifest file 'rrt.egg-info/SOURCES.txt'
[0.913s] Built target ament_cmake_python_build_rrt_egg
[0.924s] Invoked command in '/home/kshitij/project5_ws/build/rrt' returned '0': CMAKE_PREFIX_PATH=/opt/ros/humble:${CMAKE_PREFIX_PATH} /usr/bin/cmake --build /home/kshitij/project5_ws/build/rrt -- -j12 -l12
[0.957s] Invoking command in '/home/kshitij/project5_ws/build/rrt': CMAKE_PREFIX_PATH=/opt/ros/humble:${CMAKE_PREFIX_PATH} /usr/bin/cmake --install /home/kshitij/project5_ws/build/rrt
[0.965s] -- Install configuration: ""
[0.965s] -- Up-to-date: /home/kshitij/project5_ws/install/rrt/share/rrt//launch
[0.965s] -- Up-to-date: /home/kshitij/project5_ws/install/rrt/share/rrt//launch/proj.launch.py
[0.965s] -- Up-to-date: /home/kshitij/project5_ws/install/rrt/share/rrt//world
[0.965s] -- Up-to-date: /home/kshitij/project5_ws/install/rrt/share/rrt//world/barena.world
[0.965s] -- Installing: /home/kshitij/project5_ws/install/rrt/share/rrt//nodes
[0.965s] -- Installing: /home/kshitij/project5_ws/install/rrt/share/rrt//nodes/pygame_utils.py
[0.965s] -- Installing: /home/kshitij/project5_ws/install/rrt/share/rrt//nodes/task.py
[0.966s] -- Installing: /home/kshitij/project5_ws/install/rrt/share/rrt//nodes/__pycache__
[0.966s] -- Installing: /home/kshitij/project5_ws/install/rrt/share/rrt//nodes/__pycache__/bot_controller.cpython-38.pyc
[0.966s] -- Installing: /home/kshitij/project5_ws/install/rrt/share/rrt//nodes/__pycache__/planner.cpython-38.pyc
[0.966s] -- Installing: /home/kshitij/project5_ws/install/rrt/share/rrt//nodes/__pycache__/astar_output.cpython-38.pyc
[0.966s] -- Installing: /home/kshitij/project5_ws/install/rrt/share/rrt//nodes/__pycache__/a_star_proj32.cpython-38.pyc
[0.966s] -- Installing: /home/kshitij/project5_ws/install/rrt/share/rrt//nodes/__pycache__/astar_proj3_part2.cpython-38.pyc
[0.966s] -- Installing: /home/kshitij/project5_ws/install/rrt/share/rrt//nodes/__pycache__/maputils.cpython-38.pyc
[0.966s] -- Installing: /home/kshitij/project5_ws/install/rrt/share/rrt//nodes/__pycache__/RRT_star.cpython-38.pyc
[0.966s] -- Installing: /home/kshitij/project5_ws/install/rrt/share/rrt//nodes/__pycache__/RRT_star.cpython-39.pyc
[0.967s] -- Installing: /home/kshitij/project5_ws/install/rrt/share/rrt//nodes/__pycache__/competition.cpython-38.pyc
[0.967s] -- Installing: /home/kshitij/project5_ws/install/rrt/share/rrt//nodes/__pycache__/nodeclass.cpython-38.pyc
[0.967s] -- Installing: /home/kshitij/project5_ws/install/rrt/share/rrt//nodes/RRT_Astar.py
[0.967s] -- Up-to-date: /home/kshitij/project5_ws/install/rrt/share/rrt//launch
[0.967s] -- Up-to-date: /home/kshitij/project5_ws/install/rrt/share/rrt//launch/proj.launch.py
[0.967s] -- Installing: /home/kshitij/project5_ws/install/rrt/share/rrt//rrt
[0.967s] -- Installing: /home/kshitij/project5_ws/install/rrt/share/rrt//rrt/__init__.py
[0.967s] -- Installing: /home/kshitij/project5_ws/install/rrt/share/rrt//src
[0.967s] -- Up-to-date: /home/kshitij/project5_ws/install/rrt/share/rrt/environment/pythonpath.sh
[0.967s] -- Installing: /home/kshitij/project5_ws/install/rrt/share/rrt/environment/pythonpath.dsv
[0.968s] -- Up-to-date: /home/kshitij/project5_ws/install/rrt/local/lib/python3.10/dist-packages/rrt-0.0.0-py3.10.egg-info
[0.968s] -- Installing: /home/kshitij/project5_ws/install/rrt/local/lib/python3.10/dist-packages/rrt-0.0.0-py3.10.egg-info/dependency_links.txt
[0.968s] -- Installing: /home/kshitij/project5_ws/install/rrt/local/lib/python3.10/dist-packages/rrt-0.0.0-py3.10.egg-info/top_level.txt
[0.968s] -- Installing: /home/kshitij/project5_ws/install/rrt/local/lib/python3.10/dist-packages/rrt-0.0.0-py3.10.egg-info/SOURCES.txt
[0.968s] -- Installing: /home/kshitij/project5_ws/install/rrt/local/lib/python3.10/dist-packages/rrt-0.0.0-py3.10.egg-info/PKG-INFO
[0.968s] -- Up-to-date: /home/kshitij/project5_ws/install/rrt/local/lib/python3.10/dist-packages/rrt
[0.968s] -- Up-to-date: /home/kshitij/project5_ws/install/rrt/local/lib/python3.10/dist-packages/rrt/__init__.py
[0.999s] Listing '/home/kshitij/project5_ws/install/rrt/local/lib/python3.10/dist-packages/rrt'...
[1.005s] -- Up-to-date: /home/kshitij/project5_ws/install/rrt/lib/rrt/task.py
[1.005s] -- Up-to-date: /home/kshitij/project5_ws/install/rrt/share/ament_index/resource_index/package_run_dependencies/rrt
[1.005s] -- Up-to-date: /home/kshitij/project5_ws/install/rrt/share/ament_index/resource_index/parent_prefix_path/rrt
[1.005s] -- Up-to-date: /home/kshitij/project5_ws/install/rrt/share/rrt/environment/ament_prefix_path.sh
[1.005s] -- Installing: /home/kshitij/project5_ws/install/rrt/share/rrt/environment/ament_prefix_path.dsv
[1.005s] -- Up-to-date: /home/kshitij/project5_ws/install/rrt/share/rrt/environment/path.sh
[1.005s] -- Installing: /home/kshitij/project5_ws/install/rrt/share/rrt/environment/path.dsv
[1.005s] -- Up-to-date: /home/kshitij/project5_ws/install/rrt/share/rrt/local_setup.bash
[1.005s] -- Up-to-date: /home/kshitij/project5_ws/install/rrt/share/rrt/local_setup.sh
[1.006s] -- Up-to-date: /home/kshitij/project5_ws/install/rrt/share/rrt/local_setup.zsh
[1.006s] -- Installing: /home/kshitij/project5_ws/install/rrt/share/rrt/local_setup.dsv
[1.006s] -- Installing: /home/kshitij/project5_ws/install/rrt/share/rrt/package.dsv
[1.006s] -- Up-to-date: /home/kshitij/project5_ws/install/rrt/share/ament_index/resource_index/packages/rrt
[1.006s] -- Up-to-date: /home/kshitij/project5_ws/install/rrt/share/rrt/cmake/rrtConfig.cmake
[1.006s] -- Up-to-date: /home/kshitij/project5_ws/install/rrt/share/rrt/cmake/rrtConfig-version.cmake
[1.006s] -- Up-to-date: /home/kshitij/project5_ws/install/rrt/share/rrt/package.xml
[1.008s] Invoked command in '/home/kshitij/project5_ws/build/rrt' returned '0': CMAKE_PREFIX_PATH=/opt/ros/humble:${CMAKE_PREFIX_PATH} /usr/bin/cmake --install /home/kshitij/project5_ws/build/rrt
