[0.012s] Invoking command in '/home/kshitij/project5_ws/build/rrt': /usr/bin/cmake /home/kshitij/project5_ws/src/rrt -DCATKIN_INSTALL_INTO_PREFIX_ROOT=0 -DCMAKE_INSTALL_PREFIX=/home/kshitij/project5_ws/install/rrt
[0.092s] -- The C compiler identification is GNU 11.4.0
[0.178s] -- The CXX compiler identification is GNU 11.4.0
[0.189s] -- Detecting C compiler ABI info
[0.297s] -- Detecting C compiler ABI info - done
[0.311s] -- Check for working C compiler: /usr/bin/cc - skipped
[0.311s] -- Detecting C compile features
[0.312s] -- Detecting C compile features - done
[0.317s] -- Detecting CXX compiler ABI info
[0.448s] -- Detecting CXX compiler ABI info - done
[0.461s] -- Check for working CXX compiler: /usr/bin/c++ - skipped
[0.461s] -- Detecting CXX compile features
[0.462s] -- Detecting CXX compile features - done
[0.466s] -- Found ament_cmake: 1.3.8 (/opt/ros/humble/share/ament_cmake/cmake)
[0.666s] -- Found Python3: /usr/bin/python3 (found version "3.10.12") found components: Interpreter 
[0.804s] -- Found geometry_msgs: 4.2.3 (/opt/ros/humble/share/geometry_msgs/cmake)
[0.841s] -- Found rosidl_generator_c: 3.1.5 (/opt/ros/humble/share/rosidl_generator_c/cmake)
[0.846s] -- Found rosidl_adapter: 3.1.5 (/opt/ros/humble/share/rosidl_adapter/cmake)
[0.854s] -- Found rosidl_generator_cpp: 3.1.5 (/opt/ros/humble/share/rosidl_generator_cpp/cmake)
[0.867s] -- Using all available rosidl_typesupport_c: rosidl_typesupport_fastrtps_c;rosidl_typesupport_introspection_c
[0.886s] -- Using all available rosidl_typesupport_cpp: rosidl_typesupport_fastrtps_cpp;rosidl_typesupport_introspection_cpp
[0.999s] -- Found nav_msgs: 4.2.3 (/opt/ros/humble/share/nav_msgs/cmake)
[1.136s] -- Configuring done
[1.140s] -- Generating done
[1.141s] [33mCMake Warning:
[1.141s]   Manually-specified variables were not used by the project:
[1.141s] 
[1.141s]     CATKIN_INSTALL_INTO_PREFIX_ROOT
[1.142s] 
[1.142s] [0m
[1.142s] -- Build files have been written to: /home/kshitij/project5_ws/build/rrt
[1.149s] Invoked command in '/home/kshitij/project5_ws/build/rrt' returned '0': /usr/bin/cmake /home/kshitij/project5_ws/src/rrt -DCATKIN_INSTALL_INTO_PREFIX_ROOT=0 -DCMAKE_INSTALL_PREFIX=/home/kshitij/project5_ws/install/rrt
[1.152s] Invoking command in '/home/kshitij/project5_ws/build/rrt': /usr/bin/cmake --build /home/kshitij/project5_ws/build/rrt -- -j12 -l12
[1.209s] Invoked command in '/home/kshitij/project5_ws/build/rrt' returned '0': /usr/bin/cmake --build /home/kshitij/project5_ws/build/rrt -- -j12 -l12
[1.328s] Invoking command in '/home/kshitij/project5_ws/build/rrt': /usr/bin/cmake --install /home/kshitij/project5_ws/build/rrt
[1.346s] -- Install configuration: ""
[1.347s] -- Installing: /home/kshitij/project5_ws/install/rrt/share/ament_index/resource_index/package_run_dependencies/rrt
[1.347s] -- Installing: /home/kshitij/project5_ws/install/rrt/share/ament_index/resource_index/parent_prefix_path/rrt
[1.348s] -- Installing: /home/kshitij/project5_ws/install/rrt/share/rrt/environment/ament_prefix_path.sh
[1.348s] -- Installing: /home/kshitij/project5_ws/install/rrt/share/rrt/environment/ament_prefix_path.dsv
[1.349s] -- Installing: /home/kshitij/project5_ws/install/rrt/share/rrt/environment/path.sh
[1.349s] -- Installing: /home/kshitij/project5_ws/install/rrt/share/rrt/environment/path.dsv
[1.349s] -- Installing: /home/kshitij/project5_ws/install/rrt/share/rrt/local_setup.bash
[1.350s] -- Installing: /home/kshitij/project5_ws/install/rrt/share/rrt/local_setup.sh
[1.350s] -- Installing: /home/kshitij/project5_ws/install/rrt/share/rrt/local_setup.zsh
[1.350s] -- Installing: /home/kshitij/project5_ws/install/rrt/share/rrt/local_setup.dsv
[1.351s] -- Installing: /home/kshitij/project5_ws/install/rrt/share/rrt/package.dsv
[1.351s] -- Installing: /home/kshitij/project5_ws/install/rrt/share/ament_index/resource_index/packages/rrt
[1.352s] -- Installing: /home/kshitij/project5_ws/install/rrt/share/rrt/cmake/rrtConfig.cmake
[1.352s] -- Installing: /home/kshitij/project5_ws/install/rrt/share/rrt/cmake/rrtConfig-version.cmake
[1.352s] -- Installing: /home/kshitij/project5_ws/install/rrt/share/rrt/package.xml
[1.356s] Invoked command in '/home/kshitij/project5_ws/build/rrt' returned '0': /usr/bin/cmake --install /home/kshitij/project5_ws/build/rrt
