-- Found ament_cmake: 1.3.8 (/opt/ros/humble/share/ament_cmake/cmake)
-- Found geometry_msgs: 4.2.3 (/opt/ros/humble/share/geometry_msgs/cmake)
-- Found rosidl_generator_c: 3.1.5 (/opt/ros/humble/share/rosidl_generator_c/cmake)
-- Found rosidl_adapter: 3.1.5 (/opt/ros/humble/share/rosidl_adapter/cmake)
-- Found rosidl_generator_cpp: 3.1.5 (/opt/ros/humble/share/rosidl_generator_cpp/cmake)
-- Using all available rosidl_typesupport_c: rosidl_typesupport_fastrtps_c;rosidl_typesupport_introspection_c
-- Using all available rosidl_typesupport_cpp: rosidl_typesupport_fastrtps_cpp;rosidl_typesupport_introspection_cpp
-- Found nav_msgs: 4.2.3 (/opt/ros/humble/share/nav_msgs/cmake)
-- Configuring done
-- Generating done
-- Build files have been written to: /home/kshitij/project5_ws/build/rrt
Built target ament_cmake_python_copy_rrt
running egg_info
writing rrt.egg-info/PKG-INFO
writing dependency_links to rrt.egg-info/dependency_links.txt
writing top-level names to rrt.egg-info/top_level.txt
reading manifest file 'rrt.egg-info/SOURCES.txt'
writing manifest file 'rrt.egg-info/SOURCES.txt'
Built target ament_cmake_python_build_rrt_egg
-- Install configuration: ""
-- Up-to-date: /home/kshitij/project5_ws/install/rrt/share/rrt//launch
-- Up-to-date: /home/kshitij/project5_ws/install/rrt/share/rrt//launch/proj.launch.py
-- Up-to-date: /home/kshitij/project5_ws/install/rrt/share/rrt//world
-- Up-to-date: /home/kshitij/project5_ws/install/rrt/share/rrt//world/barena.world
-- Up-to-date: /home/kshitij/project5_ws/install/rrt/share/rrt//nodes
-- Up-to-date: /home/kshitij/project5_ws/install/rrt/share/rrt//nodes/pygame_utils.py
-- Up-to-date: /home/kshitij/project5_ws/install/rrt/share/rrt//nodes/task.py
-- Up-to-date: /home/kshitij/project5_ws/install/rrt/share/rrt//nodes/__pycache__
-- Up-to-date: /home/kshitij/project5_ws/install/rrt/share/rrt//nodes/__pycache__/bot_controller.cpython-38.pyc
-- Up-to-date: /home/kshitij/project5_ws/install/rrt/share/rrt//nodes/__pycache__/planner.cpython-38.pyc
-- Up-to-date: /home/kshitij/project5_ws/install/rrt/share/rrt//nodes/__pycache__/astar_output.cpython-38.pyc
-- Up-to-date: /home/kshitij/project5_ws/install/rrt/share/rrt//nodes/__pycache__/a_star_proj32.cpython-38.pyc
-- Up-to-date: /home/kshitij/project5_ws/install/rrt/share/rrt//nodes/__pycache__/astar_proj3_part2.cpython-38.pyc
-- Up-to-date: /home/kshitij/project5_ws/install/rrt/share/rrt//nodes/__pycache__/maputils.cpython-38.pyc
-- Up-to-date: /home/kshitij/project5_ws/install/rrt/share/rrt//nodes/__pycache__/RRT_star.cpython-38.pyc
-- Up-to-date: /home/kshitij/project5_ws/install/rrt/share/rrt//nodes/__pycache__/RRT_star.cpython-39.pyc
-- Up-to-date: /home/kshitij/project5_ws/install/rrt/share/rrt//nodes/__pycache__/competition.cpython-38.pyc
-- Up-to-date: /home/kshitij/project5_ws/install/rrt/share/rrt//nodes/__pycache__/nodeclass.cpython-38.pyc
-- Up-to-date: /home/kshitij/project5_ws/install/rrt/share/rrt//nodes/RRT_Astar.py
-- Up-to-date: /home/kshitij/project5_ws/install/rrt/share/rrt//launch
-- Up-to-date: /home/kshitij/project5_ws/install/rrt/share/rrt//launch/proj.launch.py
-- Up-to-date: /home/kshitij/project5_ws/install/rrt/share/rrt//rrt
-- Up-to-date: /home/kshitij/project5_ws/install/rrt/share/rrt//rrt/__init__.py
-- Up-to-date: /home/kshitij/project5_ws/install/rrt/share/rrt//src
-- Up-to-date: /home/kshitij/project5_ws/install/rrt/share/rrt/environment/pythonpath.sh
-- Installing: /home/kshitij/project5_ws/install/rrt/share/rrt/environment/pythonpath.dsv
-- Up-to-date: /home/kshitij/project5_ws/install/rrt/local/lib/python3.10/dist-packages/rrt-0.0.0-py3.10.egg-info
-- Installing: /home/kshitij/project5_ws/install/rrt/local/lib/python3.10/dist-packages/rrt-0.0.0-py3.10.egg-info/dependency_links.txt
-- Installing: /home/kshitij/project5_ws/install/rrt/local/lib/python3.10/dist-packages/rrt-0.0.0-py3.10.egg-info/top_level.txt
-- Installing: /home/kshitij/project5_ws/install/rrt/local/lib/python3.10/dist-packages/rrt-0.0.0-py3.10.egg-info/SOURCES.txt
-- Installing: /home/kshitij/project5_ws/install/rrt/local/lib/python3.10/dist-packages/rrt-0.0.0-py3.10.egg-info/PKG-INFO
-- Up-to-date: /home/kshitij/project5_ws/install/rrt/local/lib/python3.10/dist-packages/rrt
-- Up-to-date: /home/kshitij/project5_ws/install/rrt/local/lib/python3.10/dist-packages/rrt/__init__.py
Listing '/home/kshitij/project5_ws/install/rrt/local/lib/python3.10/dist-packages/rrt'...
-- Up-to-date: /home/kshitij/project5_ws/install/rrt/lib/rrt/task.py
-- Up-to-date: /home/kshitij/project5_ws/install/rrt/lib/rrt/RRT_Astar.py
-- Installing: /home/kshitij/project5_ws/install/rrt/lib/rrt/pygame_utils.py
-- Up-to-date: /home/kshitij/project5_ws/install/rrt/share/ament_index/resource_index/package_run_dependencies/rrt
-- Up-to-date: /home/kshitij/project5_ws/install/rrt/share/ament_index/resource_index/parent_prefix_path/rrt
-- Up-to-date: /home/kshitij/project5_ws/install/rrt/share/rrt/environment/ament_prefix_path.sh
-- Installing: /home/kshitij/project5_ws/install/rrt/share/rrt/environment/ament_prefix_path.dsv
-- Up-to-date: /home/kshitij/project5_ws/install/rrt/share/rrt/environment/path.sh
-- Installing: /home/kshitij/project5_ws/install/rrt/share/rrt/environment/path.dsv
-- Up-to-date: /home/kshitij/project5_ws/install/rrt/share/rrt/local_setup.bash
-- Up-to-date: /home/kshitij/project5_ws/install/rrt/share/rrt/local_setup.sh
-- Up-to-date: /home/kshitij/project5_ws/install/rrt/share/rrt/local_setup.zsh
-- Installing: /home/kshitij/project5_ws/install/rrt/share/rrt/local_setup.dsv
-- Installing: /home/kshitij/project5_ws/install/rrt/share/rrt/package.dsv
-- Up-to-date: /home/kshitij/project5_ws/install/rrt/share/ament_index/resource_index/packages/rrt
-- Up-to-date: /home/kshitij/project5_ws/install/rrt/share/rrt/cmake/rrtConfig.cmake
-- Up-to-date: /home/kshitij/project5_ws/install/rrt/share/rrt/cmake/rrtConfig-version.cmake
-- Installing: /home/kshitij/project5_ws/install/rrt/share/rrt/package.xml
