[0.012s] Invoking command in '/home/kshitij/project5_ws/build/rrt': CMAKE_PREFIX_PATH=/opt/ros/humble:${CMAKE_PREFIX_PATH} /usr/bin/cmake --build /home/kshitij/project5_ws/build/rrt -- -j12 -l12
[0.034s] -- Found ament_cmake: 1.3.8 (/opt/ros/humble/share/ament_cmake/cmake)
[0.159s] -- Found geometry_msgs: 4.2.3 (/opt/ros/humble/share/geometry_msgs/cmake)
[0.184s] -- Found rosidl_generator_c: 3.1.5 (/opt/ros/humble/share/rosidl_generator_c/cmake)
[0.187s] -- Found rosidl_adapter: 3.1.5 (/opt/ros/humble/share/rosidl_adapter/cmake)
[0.193s] -- Found rosidl_generator_cpp: 3.1.5 (/opt/ros/humble/share/rosidl_generator_cpp/cmake)
[0.204s] -- Using all available rosidl_typesupport_c: rosidl_typesupport_fastrtps_c;rosidl_typesupport_introspection_c
[0.219s] -- Using all available rosidl_typesupport_cpp: rosidl_typesupport_fastrtps_cpp;rosidl_typesupport_introspection_cpp
[0.336s] -- Found nav_msgs: 4.2.3 (/opt/ros/humble/share/nav_msgs/cmake)
[0.552s] -- Configuring done
[0.557s] -- Generating done
[0.558s] -- Build files have been written to: /home/kshitij/project5_ws/build/rrt
[0.599s] Built target ament_cmake_python_copy_rrt
[0.904s] running egg_info
[0.904s] creating rrt.egg-info
[0.905s] writing rrt.egg-info/PKG-INFO
[0.905s] writing dependency_links to rrt.egg-info/dependency_links.txt
[0.905s] writing top-level names to rrt.egg-info/top_level.txt
[0.905s] writing manifest file 'rrt.egg-info/SOURCES.txt'
[0.908s] reading manifest file 'rrt.egg-info/SOURCES.txt'
[0.909s] writing manifest file 'rrt.egg-info/SOURCES.txt'
[0.936s] Built target ament_cmake_python_build_rrt_egg
[0.947s] Invoked command in '/home/kshitij/project5_ws/build/rrt' returned '0': CMAKE_PREFIX_PATH=/opt/ros/humble:${CMAKE_PREFIX_PATH} /usr/bin/cmake --build /home/kshitij/project5_ws/build/rrt -- -j12 -l12
[0.979s] Invoking command in '/home/kshitij/project5_ws/build/rrt': CMAKE_PREFIX_PATH=/opt/ros/humble:${CMAKE_PREFIX_PATH} /usr/bin/cmake --install /home/kshitij/project5_ws/build/rrt
[0.985s] -- Install configuration: ""
[0.986s] -- Up-to-date: /home/kshitij/project5_ws/install/rrt/share/rrt//launch
[0.986s] -- Up-to-date: /home/kshitij/project5_ws/install/rrt/share/rrt//launch/proj.launch.py
[0.986s] -- Up-to-date: /home/kshitij/project5_ws/install/rrt/share/rrt//world
[0.986s] -- Up-to-date: /home/kshitij/project5_ws/install/rrt/share/rrt//world/barena.world
[0.986s] -- Installing: /home/kshitij/project5_ws/install/rrt/share/rrt/environment/pythonpath.sh
[0.986s] -- Installing: /home/kshitij/project5_ws/install/rrt/share/rrt/environment/pythonpath.dsv
[0.986s] -- Installing: /home/kshitij/project5_ws/install/rrt/local/lib/python3.10/dist-packages/rrt-0.0.0-py3.10.egg-info
[0.986s] -- Installing: /home/kshitij/project5_ws/install/rrt/local/lib/python3.10/dist-packages/rrt-0.0.0-py3.10.egg-info/dependency_links.txt
[0.986s] -- Installing: /home/kshitij/project5_ws/install/rrt/local/lib/python3.10/dist-packages/rrt-0.0.0-py3.10.egg-info/top_level.txt
[0.986s] -- Installing: /home/kshitij/project5_ws/install/rrt/local/lib/python3.10/dist-packages/rrt-0.0.0-py3.10.egg-info/SOURCES.txt
[0.986s] -- Installing: /home/kshitij/project5_ws/install/rrt/local/lib/python3.10/dist-packages/rrt-0.0.0-py3.10.egg-info/PKG-INFO
[0.987s] -- Installing: /home/kshitij/project5_ws/install/rrt/local/lib/python3.10/dist-packages/rrt
[0.987s] -- Installing: /home/kshitij/project5_ws/install/rrt/local/lib/python3.10/dist-packages/rrt/__init__.py
[1.018s] Listing '/home/kshitij/project5_ws/install/rrt/local/lib/python3.10/dist-packages/rrt'...
[1.018s] Compiling '/home/kshitij/project5_ws/install/rrt/local/lib/python3.10/dist-packages/rrt/__init__.py'...
[1.024s] -- Installing: /home/kshitij/project5_ws/install/rrt/lib/rrt/task.py
[1.024s] -- Up-to-date: /home/kshitij/project5_ws/install/rrt/share/ament_index/resource_index/package_run_dependencies/rrt
[1.024s] -- Up-to-date: /home/kshitij/project5_ws/install/rrt/share/ament_index/resource_index/parent_prefix_path/rrt
[1.024s] -- Up-to-date: /home/kshitij/project5_ws/install/rrt/share/rrt/environment/ament_prefix_path.sh
[1.024s] -- Installing: /home/kshitij/project5_ws/install/rrt/share/rrt/environment/ament_prefix_path.dsv
[1.024s] -- Up-to-date: /home/kshitij/project5_ws/install/rrt/share/rrt/environment/path.sh
[1.024s] -- Installing: /home/kshitij/project5_ws/install/rrt/share/rrt/environment/path.dsv
[1.025s] -- Up-to-date: /home/kshitij/project5_ws/install/rrt/share/rrt/local_setup.bash
[1.025s] -- Installing: /home/kshitij/project5_ws/install/rrt/share/rrt/local_setup.sh
[1.025s] -- Up-to-date: /home/kshitij/project5_ws/install/rrt/share/rrt/local_setup.zsh
[1.025s] -- Installing: /home/kshitij/project5_ws/install/rrt/share/rrt/local_setup.dsv
[1.025s] -- Installing: /home/kshitij/project5_ws/install/rrt/share/rrt/package.dsv
[1.025s] -- Up-to-date: /home/kshitij/project5_ws/install/rrt/share/ament_index/resource_index/packages/rrt
[1.025s] -- Up-to-date: /home/kshitij/project5_ws/install/rrt/share/rrt/cmake/rrtConfig.cmake
[1.025s] -- Up-to-date: /home/kshitij/project5_ws/install/rrt/share/rrt/cmake/rrtConfig-version.cmake
[1.025s] -- Up-to-date: /home/kshitij/project5_ws/install/rrt/share/rrt/package.xml
[1.028s] Invoked command in '/home/kshitij/project5_ws/build/rrt' returned '0': CMAKE_PREFIX_PATH=/opt/ros/humble:${CMAKE_PREFIX_PATH} /usr/bin/cmake --install /home/kshitij/project5_ws/build/rrt
