-- Found ament_cmake: 1.3.8 (/opt/ros/humble/share/ament_cmake/cmake)
-- Found geometry_msgs: 4.2.3 (/opt/ros/humble/share/geometry_msgs/cmake)
-- Found rosidl_generator_c: 3.1.5 (/opt/ros/humble/share/rosidl_generator_c/cmake)
-- Found rosidl_adapter: 3.1.5 (/opt/ros/humble/share/rosidl_adapter/cmake)
-- Found rosidl_generator_cpp: 3.1.5 (/opt/ros/humble/share/rosidl_generator_cpp/cmake)
-- Using all available rosidl_typesupport_c: rosidl_typesupport_fastrtps_c;rosidl_typesupport_introspection_c
-- Using all available rosidl_typesupport_cpp: rosidl_typesupport_fastrtps_cpp;rosidl_typesupport_introspection_cpp
-- Found nav_msgs: 4.2.3 (/opt/ros/humble/share/nav_msgs/cmake)
-- Configuring done
-- Generating done
-- Build files have been written to: /home/kshitij/project5_ws/build/rrt
-- Install configuration: ""
-- Up-to-date: /home/kshitij/project5_ws/install/rrt/share/ament_index/resource_index/package_run_dependencies/rrt
-- Installing: /home/kshitij/project5_ws/install/rrt/share/ament_index/resource_index/parent_prefix_path/rrt
-- Up-to-date: /home/kshitij/project5_ws/install/rrt/share/rrt/environment/ament_prefix_path.sh
-- Installing: /home/kshitij/project5_ws/install/rrt/share/rrt/environment/ament_prefix_path.dsv
-- Up-to-date: /home/kshitij/project5_ws/install/rrt/share/rrt/environment/path.sh
-- Installing: /home/kshitij/project5_ws/install/rrt/share/rrt/environment/path.dsv
-- Up-to-date: /home/kshitij/project5_ws/install/rrt/share/rrt/local_setup.bash
-- Up-to-date: /home/kshitij/project5_ws/install/rrt/share/rrt/local_setup.sh
-- Up-to-date: /home/kshitij/project5_ws/install/rrt/share/rrt/local_setup.zsh
-- Installing: /home/kshitij/project5_ws/install/rrt/share/rrt/local_setup.dsv
-- Installing: /home/kshitij/project5_ws/install/rrt/share/rrt/package.dsv
-- Up-to-date: /home/kshitij/project5_ws/install/rrt/share/ament_index/resource_index/packages/rrt
-- Up-to-date: /home/kshitij/project5_ws/install/rrt/share/rrt/cmake/rrtConfig.cmake
-- Up-to-date: /home/kshitij/project5_ws/install/rrt/share/rrt/cmake/rrtConfig-version.cmake
-- Up-to-date: /home/kshitij/project5_ws/install/rrt/share/rrt/package.xml
-- Installing: /home/kshitij/project5_ws/install/rrt/share/rrt//launch
-- Installing: /home/kshitij/project5_ws/install/rrt/share/rrt//launch/proj.launch.py
