[0.012s] Invoking command in '/home/kshitij/project5_ws/build/rrt': CMAKE_PREFIX_PATH=/opt/ros/humble:${CMAKE_PREFIX_PATH} /usr/bin/cmake --build /home/kshitij/project5_ws/build/rrt -- -j12 -l12
[0.034s] -- Found ament_cmake: 1.3.8 (/opt/ros/humble/share/ament_cmake/cmake)
[0.156s] -- Found geometry_msgs: 4.2.3 (/opt/ros/humble/share/geometry_msgs/cmake)
[0.182s] -- Found rosidl_generator_c: 3.1.5 (/opt/ros/humble/share/rosidl_generator_c/cmake)
[0.185s] -- Found rosidl_adapter: 3.1.5 (/opt/ros/humble/share/rosidl_adapter/cmake)
[0.191s] -- Found rosidl_generator_cpp: 3.1.5 (/opt/ros/humble/share/rosidl_generator_cpp/cmake)
[0.202s] -- Using all available rosidl_typesupport_c: rosidl_typesupport_fastrtps_c;rosidl_typesupport_introspection_c
[0.218s] -- Using all available rosidl_typesupport_cpp: rosidl_typesupport_fastrtps_cpp;rosidl_typesupport_introspection_cpp
[0.335s] -- Found nav_msgs: 4.2.3 (/opt/ros/humble/share/nav_msgs/cmake)
[0.500s] [31mCMake Error at /opt/ros/humble/share/ament_cmake_core/cmake/environment_hooks/ament_environment_hooks.cmake:29 (message):
[0.501s]   ament_environment_hooks() must be called before
[0.501s]   ament_generate_package_environment() (which is invoked by ament_package())
[0.501s] Call Stack (most recent call first):
[0.501s]   /opt/ros/humble/share/ament_cmake_python/cmake/ament_cmake_python-extras.cmake:36 (ament_environment_hooks)
[0.501s]   /opt/ros/humble/share/ament_cmake_python/cmake/ament_python_install_package.cmake:38 (_ament_cmake_python_register_environment_hook)
[0.501s]   CMakeLists.txt:37 (ament_python_install_package)
[0.501s] 
[0.501s] [0m
[0.501s] -- Configuring incomplete, errors occurred!
[0.501s] See also "/home/kshitij/project5_ws/build/rrt/CMakeFiles/CMakeOutput.log".
[0.506s] gmake: *** [Makefile:240: cmake_check_build_system] Error 1
[0.508s] Invoked command in '/home/kshitij/project5_ws/build/rrt' returned '2': CMAKE_PREFIX_PATH=/opt/ros/humble:${CMAKE_PREFIX_PATH} /usr/bin/cmake --build /home/kshitij/project5_ws/build/rrt -- -j12 -l12
