[0.014s] Invoking command in '/home/kshitij/project5_ws/build/turtlebot3_teleop': /usr/bin/cmake /home/kshitij/project5_ws/src/turtlebot3/turtlebot3_teleop -DCATKIN_INSTALL_INTO_PREFIX_ROOT=0 -DCMAKE_INSTALL_PREFIX=/home/kshitij/project5_ws/install/turtlebot3_teleop
[0.036s] [31mCMake Error at CMakeLists.txt:10 (find_package):
[0.036s]   By not providing "Findcatkin.cmake" in CMAKE_MODULE_PATH this project has
[0.036s]   asked CMake to find a package configuration file provided by "catkin", but
[0.036s]   CMake did not find one.
[0.036s] 
[0.037s]   Could not find a package configuration file provided by "catkin" with any
[0.037s]   of the following names:
[0.037s] 
[0.037s]     catkinConfig.cmake
[0.037s]     catkin-config.cmake
[0.037s] 
[0.038s]   Add the installation prefix of "catkin" to CMAKE_PREFIX_PATH or set
[0.038s]   "catkin_DIR" to a directory containing one of the above files.  If "catkin"
[0.038s]   provides a separate development package or SDK, be sure it has been
[0.038s]   installed.
[0.039s] 
[0.039s] [0m
[0.039s] -- Configuring incomplete, errors occurred!
[0.040s] See also "/home/kshitij/project5_ws/build/turtlebot3_teleop/CMakeFiles/CMakeOutput.log".
[0.040s] Invoked command in '/home/kshitij/project5_ws/build/turtlebot3_teleop' returned '1': /usr/bin/cmake /home/kshitij/project5_ws/src/turtlebot3/turtlebot3_teleop -DCATKIN_INSTALL_INTO_PREFIX_ROOT=0 -DCMAKE_INSTALL_PREFIX=/home/kshitij/project5_ws/install/turtlebot3_teleop
